   1               		.file	"keymap.c"
   2               	__SP_H__ = 0x3e
   3               	__SP_L__ = 0x3d
   4               	__SREG__ = 0x3f
   5               	__tmp_reg__ = 0
   6               	__zero_reg__ = 1
   7               		.text
   8               	.Ltext0:
   9               		.cfi_sections	.debug_frame
  10               		.section	.text.action_get_macro,"ax",@progbits
  11               	.global	action_get_macro
  13               	action_get_macro:
  14               	.LVL0:
  15               	.LFB107:
  16               		.file 1 "keyboards/kb/keymaps/asya/keymap.c"
   1:keyboards/kb/keymaps/asya/keymap.c **** #include "kb.h"
   2:keyboards/kb/keymaps/asya/keymap.c **** 
   3:keyboards/kb/keymaps/asya/keymap.c **** const uint16_t PROGMEM keymaps[][MATRIX_ROWS][MATRIX_COLS] = {
   4:keyboards/kb/keymaps/asya/keymap.c **** 
   5:keyboards/kb/keymaps/asya/keymap.c **** 	KEYMAP(
   6:keyboards/kb/keymaps/asya/keymap.c **** 		KC_ESC, KC_F1, KC_F2, KC_F3, KC_F4, KC_F5, KC_F6, KC_F7, KC_F8, KC_F9, KC_F10, KC_F11, KC_F12, 
   7:keyboards/kb/keymaps/asya/keymap.c **** 		KC_GRV, KC_1, KC_2, KC_3, KC_4, KC_5, KC_6, KC_7, KC_8, KC_9, KC_0, KC_MINS, KC_EQL,
   8:keyboards/kb/keymaps/asya/keymap.c **** 		KC_PPLS, KC_NO, KC_Q, KC_W, KC_E, KC_R, KC_T, KC_TAB, KC_Y, KC_U, KC_I, KC_O, KC_P, 
   9:keyboards/kb/keymaps/asya/keymap.c **** 		KC_CAPS, KC_A, KC_S, KC_D, KC_F, KC_G, KC_ENT, KC_H, KC_J, KC_K, KC_L, KC_SCLN, KC_QUOT,
  10:keyboards/kb/keymaps/asya/keymap.c **** 		KC_LSFT, KC_PIPE, KC_Z, KC_X, KC_C, KC_V, KC_RSFT, KC_B, KC_N, KC_M, KC_COMM, KC_DOT, KC_SLSH,
  11:keyboards/kb/keymaps/asya/keymap.c **** 		KC_NO, KC_LALT, KC_LCTRL, KC_RALT, KC_SPC, KC_RALT, KC_RCTRL, KC_LGUI, KC_LEFT, KC_DOWN, KC_RGHT,
  12:keyboards/kb/keymaps/asya/keymap.c **** 		KC_LBRC, KC_ENT, KC_DEL, KC_RBRC, KC_BSPC, KC_PGUP, KC_BSLS),
  13:keyboards/kb/keymaps/asya/keymap.c **** 
  14:keyboards/kb/keymaps/asya/keymap.c **** 	KEYMAP(
  15:keyboards/kb/keymaps/asya/keymap.c **** 		KC_TRNS, KC_TRNS, KC_TRNS, KC_TRNS, KC_TRNS, KC_TRNS, KC_TRNS, KC_TRNS, KC_TRNS, KC_TRNS, KC_TRNS
  16:keyboards/kb/keymaps/asya/keymap.c **** 		KC_TRNS, KC_TRNS, KC_TRNS, KC_TRNS, KC_TRNS, KC_TRNS, KC_TRNS, KC_TRNS, KC_TRNS, KC_TRNS, KC_TRNS
  17:keyboards/kb/keymaps/asya/keymap.c **** 		KC_TRNS, KC_TRNS, KC_TRNS, KC_TRNS, KC_TRNS, KC_TRNS, KC_TRNS, KC_TRNS, KC_TRNS, KC_TRNS, KC_TRNS
  18:keyboards/kb/keymaps/asya/keymap.c **** 		KC_TRNS, KC_TRNS, KC_TRNS, KC_TRNS, KC_TRNS, KC_TRNS, KC_TRNS, KC_TRNS, KC_TRNS, KC_TRNS, KC_TRNS
  19:keyboards/kb/keymaps/asya/keymap.c **** 		KC_TRNS, KC_TRNS, KC_TRNS, KC_TRNS, KC_TRNS, KC_TRNS, KC_TRNS, KC_TRNS, KC_TRNS, KC_TRNS, KC_TRNS
  20:keyboards/kb/keymaps/asya/keymap.c **** 		KC_TRNS, KC_TRNS, KC_TRNS, KC_TRNS, KC_TRNS, KC_TRNS, KC_TRNS, KC_TRNS, KC_TRNS, KC_TRNS, KC_TRNS
  21:keyboards/kb/keymaps/asya/keymap.c **** 		KC_TRNS, KC_TRNS, KC_TRNS, KC_TRNS, KC_TRNS, KC_TRNS, KC_TRNS),
  22:keyboards/kb/keymaps/asya/keymap.c **** 
  23:keyboards/kb/keymaps/asya/keymap.c **** 	KEYMAP(
  24:keyboards/kb/keymaps/asya/keymap.c **** 		KC_TRNS, KC_TRNS, KC_TRNS, KC_TRNS, KC_TRNS, KC_TRNS, KC_TRNS, KC_TRNS, KC_TRNS, KC_TRNS, KC_TRNS
  25:keyboards/kb/keymaps/asya/keymap.c **** 		KC_TRNS, KC_TRNS, KC_TRNS, KC_TRNS, KC_TRNS, KC_TRNS, KC_TRNS, KC_TRNS, KC_TRNS, KC_TRNS, KC_TRNS
  26:keyboards/kb/keymaps/asya/keymap.c **** 		KC_TRNS, KC_TRNS, KC_TRNS, KC_TRNS, KC_TRNS, KC_TRNS, KC_TRNS, KC_TRNS, KC_TRNS, KC_TRNS, KC_TRNS
  27:keyboards/kb/keymaps/asya/keymap.c **** 		KC_TRNS, KC_TRNS, KC_TRNS, KC_TRNS, KC_TRNS, KC_TRNS, KC_TRNS, KC_TRNS, KC_TRNS, KC_TRNS, KC_TRNS
  28:keyboards/kb/keymaps/asya/keymap.c **** 		KC_TRNS, KC_TRNS, KC_TRNS, KC_TRNS, KC_TRNS, KC_TRNS, KC_TRNS, KC_TRNS, KC_TRNS, KC_TRNS, KC_TRNS
  29:keyboards/kb/keymaps/asya/keymap.c **** 		KC_TRNS, KC_TRNS, KC_TRNS, KC_TRNS, KC_TRNS, KC_TRNS, KC_TRNS, KC_TRNS, KC_TRNS, KC_TRNS, KC_TRNS
  30:keyboards/kb/keymaps/asya/keymap.c **** 		KC_TRNS, KC_TRNS, KC_TRNS, KC_TRNS, KC_TRNS, KC_TRNS, KC_TRNS),
  31:keyboards/kb/keymaps/asya/keymap.c **** 
  32:keyboards/kb/keymaps/asya/keymap.c **** 	KEYMAP(
  33:keyboards/kb/keymaps/asya/keymap.c **** 		KC_TRNS, KC_TRNS, KC_TRNS, KC_TRNS, KC_TRNS, KC_TRNS, KC_TRNS, KC_TRNS, KC_TRNS, KC_TRNS, KC_TRNS
  34:keyboards/kb/keymaps/asya/keymap.c **** 		KC_TRNS, KC_TRNS, KC_TRNS, KC_TRNS, KC_TRNS, KC_TRNS, KC_TRNS, KC_TRNS, KC_TRNS, KC_TRNS, KC_TRNS
  35:keyboards/kb/keymaps/asya/keymap.c **** 		KC_TRNS, KC_TRNS, KC_TRNS, KC_TRNS, KC_TRNS, KC_TRNS, KC_TRNS, KC_TRNS, KC_TRNS, KC_TRNS, KC_TRNS
  36:keyboards/kb/keymaps/asya/keymap.c **** 		KC_TRNS, KC_TRNS, KC_TRNS, KC_TRNS, KC_TRNS, KC_TRNS, KC_TRNS, KC_TRNS, KC_TRNS, KC_TRNS, KC_TRNS
  37:keyboards/kb/keymaps/asya/keymap.c **** 		KC_TRNS, KC_TRNS, KC_TRNS, KC_TRNS, KC_TRNS, KC_TRNS, KC_TRNS, KC_TRNS, KC_TRNS, KC_TRNS, KC_TRNS
  38:keyboards/kb/keymaps/asya/keymap.c **** 		KC_TRNS, KC_TRNS, KC_TRNS, KC_TRNS, KC_TRNS, KC_TRNS, KC_TRNS, KC_TRNS, KC_TRNS, KC_TRNS, KC_TRNS
  39:keyboards/kb/keymaps/asya/keymap.c **** 		KC_TRNS, KC_TRNS, KC_TRNS, KC_TRNS, KC_TRNS, KC_TRNS, KC_TRNS),
  40:keyboards/kb/keymaps/asya/keymap.c **** 
  41:keyboards/kb/keymaps/asya/keymap.c **** 	KEYMAP(
  42:keyboards/kb/keymaps/asya/keymap.c **** 		KC_TRNS, KC_TRNS, KC_TRNS, KC_TRNS, KC_TRNS, KC_TRNS, KC_TRNS, KC_TRNS, KC_TRNS, KC_TRNS, KC_TRNS
  43:keyboards/kb/keymaps/asya/keymap.c **** 		KC_TRNS, KC_TRNS, KC_TRNS, KC_TRNS, KC_TRNS, KC_TRNS, KC_TRNS, KC_TRNS, KC_TRNS, KC_TRNS, KC_TRNS
  44:keyboards/kb/keymaps/asya/keymap.c **** 		KC_TRNS, KC_TRNS, KC_TRNS, KC_TRNS, KC_TRNS, KC_TRNS, KC_TRNS, KC_TRNS, KC_TRNS, KC_TRNS, KC_TRNS
  45:keyboards/kb/keymaps/asya/keymap.c **** 		KC_TRNS, KC_TRNS, KC_TRNS, KC_TRNS, KC_TRNS, KC_TRNS, KC_TRNS, KC_TRNS, KC_TRNS, KC_TRNS, KC_TRNS
  46:keyboards/kb/keymaps/asya/keymap.c **** 		KC_TRNS, KC_TRNS, KC_TRNS, KC_TRNS, KC_TRNS, KC_TRNS, KC_TRNS, KC_TRNS, KC_TRNS, KC_TRNS, KC_TRNS
  47:keyboards/kb/keymaps/asya/keymap.c **** 		KC_TRNS, KC_TRNS, KC_TRNS, KC_TRNS, KC_TRNS, KC_TRNS, KC_TRNS, KC_TRNS, KC_TRNS, KC_TRNS, KC_TRNS
  48:keyboards/kb/keymaps/asya/keymap.c **** 		KC_TRNS, KC_TRNS, KC_TRNS, KC_TRNS, KC_TRNS, KC_TRNS, KC_TRNS),
  49:keyboards/kb/keymaps/asya/keymap.c **** 
  50:keyboards/kb/keymaps/asya/keymap.c **** 	KEYMAP(
  51:keyboards/kb/keymaps/asya/keymap.c **** 		KC_TRNS, KC_TRNS, KC_TRNS, KC_TRNS, KC_TRNS, KC_TRNS, KC_TRNS, KC_TRNS, KC_TRNS, KC_TRNS, KC_TRNS
  52:keyboards/kb/keymaps/asya/keymap.c **** 		KC_TRNS, KC_TRNS, KC_TRNS, KC_TRNS, KC_TRNS, KC_TRNS, KC_TRNS, KC_TRNS, KC_TRNS, KC_TRNS, KC_TRNS
  53:keyboards/kb/keymaps/asya/keymap.c **** 		KC_TRNS, KC_TRNS, KC_TRNS, KC_TRNS, KC_TRNS, KC_TRNS, KC_TRNS, KC_TRNS, KC_TRNS, KC_TRNS, KC_TRNS
  54:keyboards/kb/keymaps/asya/keymap.c **** 		KC_TRNS, KC_TRNS, KC_TRNS, KC_TRNS, KC_TRNS, KC_TRNS, KC_TRNS, KC_TRNS, KC_TRNS, KC_TRNS, KC_TRNS
  55:keyboards/kb/keymaps/asya/keymap.c **** 		KC_TRNS, KC_TRNS, KC_TRNS, KC_TRNS, KC_TRNS, KC_TRNS, KC_TRNS, KC_TRNS, KC_TRNS, KC_TRNS, KC_TRNS
  56:keyboards/kb/keymaps/asya/keymap.c **** 		KC_TRNS, KC_TRNS, KC_TRNS, KC_TRNS, KC_TRNS, KC_TRNS, KC_TRNS, KC_TRNS, KC_TRNS, KC_TRNS, KC_TRNS
  57:keyboards/kb/keymaps/asya/keymap.c **** 		KC_TRNS, KC_TRNS, KC_TRNS, KC_TRNS, KC_TRNS, KC_TRNS, KC_TRNS),
  58:keyboards/kb/keymaps/asya/keymap.c **** 
  59:keyboards/kb/keymaps/asya/keymap.c **** 	KEYMAP(
  60:keyboards/kb/keymaps/asya/keymap.c **** 		KC_TRNS, KC_TRNS, KC_TRNS, KC_TRNS, KC_TRNS, KC_TRNS, KC_TRNS, KC_TRNS, KC_TRNS, KC_TRNS, KC_TRNS
  61:keyboards/kb/keymaps/asya/keymap.c **** 		KC_TRNS, KC_TRNS, KC_TRNS, KC_TRNS, KC_TRNS, KC_TRNS, KC_TRNS, KC_TRNS, KC_TRNS, KC_TRNS, KC_TRNS
  62:keyboards/kb/keymaps/asya/keymap.c **** 		KC_TRNS, KC_TRNS, KC_TRNS, KC_TRNS, KC_TRNS, KC_TRNS, KC_TRNS, KC_TRNS, KC_TRNS, KC_TRNS, KC_TRNS
  63:keyboards/kb/keymaps/asya/keymap.c **** 		KC_TRNS, KC_TRNS, KC_TRNS, KC_TRNS, KC_TRNS, KC_TRNS, KC_TRNS, KC_TRNS, KC_TRNS, KC_TRNS, KC_TRNS
  64:keyboards/kb/keymaps/asya/keymap.c **** 		KC_TRNS, KC_TRNS, KC_TRNS, KC_TRNS, KC_TRNS, KC_TRNS, KC_TRNS, KC_TRNS, KC_TRNS, KC_TRNS, KC_TRNS
  65:keyboards/kb/keymaps/asya/keymap.c **** 		KC_TRNS, KC_TRNS, KC_TRNS, KC_TRNS, KC_TRNS, KC_TRNS, KC_TRNS, KC_TRNS, KC_TRNS, KC_TRNS, KC_TRNS
  66:keyboards/kb/keymaps/asya/keymap.c **** 		KC_TRNS, KC_TRNS, KC_TRNS, KC_TRNS, KC_TRNS, KC_TRNS, KC_TRNS),
  67:keyboards/kb/keymaps/asya/keymap.c **** 
  68:keyboards/kb/keymaps/asya/keymap.c **** 	KEYMAP(
  69:keyboards/kb/keymaps/asya/keymap.c **** 		KC_TRNS, KC_TRNS, KC_TRNS, KC_TRNS, KC_TRNS, KC_TRNS, KC_TRNS, KC_TRNS, KC_TRNS, KC_TRNS, KC_TRNS
  70:keyboards/kb/keymaps/asya/keymap.c **** 		KC_TRNS, KC_TRNS, KC_TRNS, KC_TRNS, KC_TRNS, KC_TRNS, KC_TRNS, KC_TRNS, KC_TRNS, KC_TRNS, KC_TRNS
  71:keyboards/kb/keymaps/asya/keymap.c **** 		KC_TRNS, KC_TRNS, KC_TRNS, KC_TRNS, KC_TRNS, KC_TRNS, KC_TRNS, KC_TRNS, KC_TRNS, KC_TRNS, KC_TRNS
  72:keyboards/kb/keymaps/asya/keymap.c **** 		KC_TRNS, KC_TRNS, KC_TRNS, KC_TRNS, KC_TRNS, KC_TRNS, KC_TRNS, KC_TRNS, KC_TRNS, KC_TRNS, KC_TRNS
  73:keyboards/kb/keymaps/asya/keymap.c **** 		KC_TRNS, KC_TRNS, KC_TRNS, KC_TRNS, KC_TRNS, KC_TRNS, KC_TRNS, KC_TRNS, KC_TRNS, KC_TRNS, KC_TRNS
  74:keyboards/kb/keymaps/asya/keymap.c **** 		KC_TRNS, KC_TRNS, KC_TRNS, KC_TRNS, KC_TRNS, KC_TRNS, KC_TRNS, KC_TRNS, KC_TRNS, KC_TRNS, KC_TRNS
  75:keyboards/kb/keymaps/asya/keymap.c **** 		KC_TRNS, KC_TRNS, KC_TRNS, KC_TRNS, KC_TRNS, KC_TRNS, KC_TRNS),
  76:keyboards/kb/keymaps/asya/keymap.c **** 
  77:keyboards/kb/keymaps/asya/keymap.c **** 	KEYMAP(
  78:keyboards/kb/keymaps/asya/keymap.c **** 		KC_TRNS, KC_TRNS, KC_TRNS, KC_TRNS, KC_TRNS, KC_TRNS, KC_TRNS, KC_TRNS, KC_TRNS, KC_TRNS, KC_TRNS
  79:keyboards/kb/keymaps/asya/keymap.c **** 		KC_TRNS, KC_TRNS, KC_TRNS, KC_TRNS, KC_TRNS, KC_TRNS, KC_TRNS, KC_TRNS, KC_TRNS, KC_TRNS, KC_TRNS
  80:keyboards/kb/keymaps/asya/keymap.c **** 		KC_TRNS, KC_TRNS, KC_TRNS, KC_TRNS, KC_TRNS, KC_TRNS, KC_TRNS, KC_TRNS, KC_TRNS, KC_TRNS, KC_TRNS
  81:keyboards/kb/keymaps/asya/keymap.c **** 		KC_TRNS, KC_TRNS, KC_TRNS, KC_TRNS, KC_TRNS, KC_TRNS, KC_TRNS, KC_TRNS, KC_TRNS, KC_TRNS, KC_TRNS
  82:keyboards/kb/keymaps/asya/keymap.c **** 		KC_TRNS, KC_TRNS, KC_TRNS, KC_TRNS, KC_TRNS, KC_TRNS, KC_TRNS, KC_TRNS, KC_TRNS, KC_TRNS, KC_TRNS
  83:keyboards/kb/keymaps/asya/keymap.c **** 		KC_TRNS, KC_TRNS, KC_TRNS, KC_TRNS, KC_TRNS, KC_TRNS, KC_TRNS, KC_TRNS, KC_TRNS, KC_TRNS, KC_TRNS
  84:keyboards/kb/keymaps/asya/keymap.c **** 		KC_TRNS, KC_TRNS, KC_TRNS, KC_TRNS, KC_TRNS, KC_TRNS, KC_TRNS),
  85:keyboards/kb/keymaps/asya/keymap.c **** 
  86:keyboards/kb/keymaps/asya/keymap.c **** 	KEYMAP(
  87:keyboards/kb/keymaps/asya/keymap.c **** 		KC_TRNS, KC_TRNS, KC_TRNS, KC_TRNS, KC_TRNS, KC_TRNS, KC_TRNS, KC_TRNS, KC_TRNS, KC_TRNS, KC_TRNS
  88:keyboards/kb/keymaps/asya/keymap.c **** 		KC_TRNS, KC_TRNS, KC_TRNS, KC_TRNS, KC_TRNS, KC_TRNS, KC_TRNS, KC_TRNS, KC_TRNS, KC_TRNS, KC_TRNS
  89:keyboards/kb/keymaps/asya/keymap.c **** 		KC_TRNS, KC_TRNS, KC_TRNS, KC_TRNS, KC_TRNS, KC_TRNS, KC_TRNS, KC_TRNS, KC_TRNS, KC_TRNS, KC_TRNS
  90:keyboards/kb/keymaps/asya/keymap.c **** 		KC_TRNS, KC_TRNS, KC_TRNS, KC_TRNS, KC_TRNS, KC_TRNS, KC_TRNS, KC_TRNS, KC_TRNS, KC_TRNS, KC_TRNS
  91:keyboards/kb/keymaps/asya/keymap.c **** 		KC_TRNS, KC_TRNS, KC_TRNS, KC_TRNS, KC_TRNS, KC_TRNS, KC_TRNS, KC_TRNS, KC_TRNS, KC_TRNS, KC_TRNS
  92:keyboards/kb/keymaps/asya/keymap.c **** 		KC_TRNS, KC_TRNS, KC_TRNS, KC_TRNS, KC_TRNS, KC_TRNS, KC_TRNS, KC_TRNS, KC_TRNS, KC_TRNS, KC_TRNS
  93:keyboards/kb/keymaps/asya/keymap.c **** 		KC_TRNS, KC_TRNS, KC_TRNS, KC_TRNS, KC_TRNS, KC_TRNS, KC_TRNS),
  94:keyboards/kb/keymaps/asya/keymap.c **** 
  95:keyboards/kb/keymaps/asya/keymap.c **** 	KEYMAP(
  96:keyboards/kb/keymaps/asya/keymap.c **** 		KC_TRNS, KC_TRNS, KC_TRNS, KC_TRNS, KC_TRNS, KC_TRNS, KC_TRNS, KC_TRNS, KC_TRNS, KC_TRNS, KC_TRNS
  97:keyboards/kb/keymaps/asya/keymap.c **** 		KC_TRNS, KC_TRNS, KC_TRNS, KC_TRNS, KC_TRNS, KC_TRNS, KC_TRNS, KC_TRNS, KC_TRNS, KC_TRNS, KC_TRNS
  98:keyboards/kb/keymaps/asya/keymap.c **** 		KC_TRNS, KC_TRNS, KC_TRNS, KC_TRNS, KC_TRNS, KC_TRNS, KC_TRNS, KC_TRNS, KC_TRNS, KC_TRNS, KC_TRNS
  99:keyboards/kb/keymaps/asya/keymap.c **** 		KC_TRNS, KC_TRNS, KC_TRNS, KC_TRNS, KC_TRNS, KC_TRNS, KC_TRNS, KC_TRNS, KC_TRNS, KC_TRNS, KC_TRNS
 100:keyboards/kb/keymaps/asya/keymap.c **** 		KC_TRNS, KC_TRNS, KC_TRNS, KC_TRNS, KC_TRNS, KC_TRNS, KC_TRNS, KC_TRNS, KC_TRNS, KC_TRNS, KC_TRNS
 101:keyboards/kb/keymaps/asya/keymap.c **** 		KC_TRNS, KC_TRNS, KC_TRNS, KC_TRNS, KC_TRNS, KC_TRNS, KC_TRNS, KC_TRNS, KC_TRNS, KC_TRNS, KC_TRNS
 102:keyboards/kb/keymaps/asya/keymap.c **** 		KC_TRNS, KC_TRNS, KC_TRNS, KC_TRNS, KC_TRNS, KC_TRNS, KC_TRNS),
 103:keyboards/kb/keymaps/asya/keymap.c **** 
 104:keyboards/kb/keymaps/asya/keymap.c **** 	KEYMAP(
 105:keyboards/kb/keymaps/asya/keymap.c **** 		KC_TRNS, KC_TRNS, KC_TRNS, KC_TRNS, KC_TRNS, KC_TRNS, KC_TRNS, KC_TRNS, KC_TRNS, KC_TRNS, KC_TRNS
 106:keyboards/kb/keymaps/asya/keymap.c **** 		KC_TRNS, KC_TRNS, KC_TRNS, KC_TRNS, KC_TRNS, KC_TRNS, KC_TRNS, KC_TRNS, KC_TRNS, KC_TRNS, KC_TRNS
 107:keyboards/kb/keymaps/asya/keymap.c **** 		KC_TRNS, KC_TRNS, KC_TRNS, KC_TRNS, KC_TRNS, KC_TRNS, KC_TRNS, KC_TRNS, KC_TRNS, KC_TRNS, KC_TRNS
 108:keyboards/kb/keymaps/asya/keymap.c **** 		KC_TRNS, KC_TRNS, KC_TRNS, KC_TRNS, KC_TRNS, KC_TRNS, KC_TRNS, KC_TRNS, KC_TRNS, KC_TRNS, KC_TRNS
 109:keyboards/kb/keymaps/asya/keymap.c **** 		KC_TRNS, KC_TRNS, KC_TRNS, KC_TRNS, KC_TRNS, KC_TRNS, KC_TRNS, KC_TRNS, KC_TRNS, KC_TRNS, KC_TRNS
 110:keyboards/kb/keymaps/asya/keymap.c **** 		KC_TRNS, KC_TRNS, KC_TRNS, KC_TRNS, KC_TRNS, KC_TRNS, KC_TRNS, KC_TRNS, KC_TRNS, KC_TRNS, KC_TRNS
 111:keyboards/kb/keymaps/asya/keymap.c **** 		KC_TRNS, KC_TRNS, KC_TRNS, KC_TRNS, KC_TRNS, KC_TRNS, KC_TRNS),
 112:keyboards/kb/keymaps/asya/keymap.c **** 
 113:keyboards/kb/keymaps/asya/keymap.c **** 	KEYMAP(
 114:keyboards/kb/keymaps/asya/keymap.c **** 		KC_TRNS, KC_TRNS, KC_TRNS, KC_TRNS, KC_TRNS, KC_TRNS, KC_TRNS, KC_TRNS, KC_TRNS, KC_TRNS, KC_TRNS
 115:keyboards/kb/keymaps/asya/keymap.c **** 		KC_TRNS, KC_TRNS, KC_TRNS, KC_TRNS, KC_TRNS, KC_TRNS, KC_TRNS, KC_TRNS, KC_TRNS, KC_TRNS, KC_TRNS
 116:keyboards/kb/keymaps/asya/keymap.c **** 		KC_TRNS, KC_TRNS, KC_TRNS, KC_TRNS, KC_TRNS, KC_TRNS, KC_TRNS, KC_TRNS, KC_TRNS, KC_TRNS, KC_TRNS
 117:keyboards/kb/keymaps/asya/keymap.c **** 		KC_TRNS, KC_TRNS, KC_TRNS, KC_TRNS, KC_TRNS, KC_TRNS, KC_TRNS, KC_TRNS, KC_TRNS, KC_TRNS, KC_TRNS
 118:keyboards/kb/keymaps/asya/keymap.c **** 		KC_TRNS, KC_TRNS, KC_TRNS, KC_TRNS, KC_TRNS, KC_TRNS, KC_TRNS, KC_TRNS, KC_TRNS, KC_TRNS, KC_TRNS
 119:keyboards/kb/keymaps/asya/keymap.c **** 		KC_TRNS, KC_TRNS, KC_TRNS, KC_TRNS, KC_TRNS, KC_TRNS, KC_TRNS, KC_TRNS, KC_TRNS, KC_TRNS, KC_TRNS
 120:keyboards/kb/keymaps/asya/keymap.c **** 		KC_TRNS, KC_TRNS, KC_TRNS, KC_TRNS, KC_TRNS, KC_TRNS, KC_TRNS),
 121:keyboards/kb/keymaps/asya/keymap.c **** 
 122:keyboards/kb/keymaps/asya/keymap.c **** 	KEYMAP(
 123:keyboards/kb/keymaps/asya/keymap.c **** 		KC_TRNS, KC_TRNS, KC_TRNS, KC_TRNS, KC_TRNS, KC_TRNS, KC_TRNS, KC_TRNS, KC_TRNS, KC_TRNS, KC_TRNS
 124:keyboards/kb/keymaps/asya/keymap.c **** 		KC_TRNS, KC_TRNS, KC_TRNS, KC_TRNS, KC_TRNS, KC_TRNS, KC_TRNS, KC_TRNS, KC_TRNS, KC_TRNS, KC_TRNS
 125:keyboards/kb/keymaps/asya/keymap.c **** 		KC_TRNS, KC_TRNS, KC_TRNS, KC_TRNS, KC_TRNS, KC_TRNS, KC_TRNS, KC_TRNS, KC_TRNS, KC_TRNS, KC_TRNS
 126:keyboards/kb/keymaps/asya/keymap.c **** 		KC_TRNS, KC_TRNS, KC_TRNS, KC_TRNS, KC_TRNS, KC_TRNS, KC_TRNS, KC_TRNS, KC_TRNS, KC_TRNS, KC_TRNS
 127:keyboards/kb/keymaps/asya/keymap.c **** 		KC_TRNS, KC_TRNS, KC_TRNS, KC_TRNS, KC_TRNS, KC_TRNS, KC_TRNS, KC_TRNS, KC_TRNS, KC_TRNS, KC_TRNS
 128:keyboards/kb/keymaps/asya/keymap.c **** 		KC_TRNS, KC_TRNS, KC_TRNS, KC_TRNS, KC_TRNS, KC_TRNS, KC_TRNS, KC_TRNS, KC_TRNS, KC_TRNS, KC_TRNS
 129:keyboards/kb/keymaps/asya/keymap.c **** 		KC_TRNS, KC_TRNS, KC_TRNS, KC_TRNS, KC_TRNS, KC_TRNS, KC_TRNS),
 130:keyboards/kb/keymaps/asya/keymap.c **** 
 131:keyboards/kb/keymaps/asya/keymap.c **** 	KEYMAP(
 132:keyboards/kb/keymaps/asya/keymap.c **** 		KC_TRNS, KC_TRNS, KC_TRNS, KC_TRNS, KC_TRNS, KC_TRNS, KC_TRNS, KC_TRNS, KC_TRNS, KC_TRNS, KC_TRNS
 133:keyboards/kb/keymaps/asya/keymap.c **** 		KC_TRNS, KC_TRNS, KC_TRNS, KC_TRNS, KC_TRNS, KC_TRNS, KC_TRNS, KC_TRNS, KC_TRNS, KC_TRNS, KC_TRNS
 134:keyboards/kb/keymaps/asya/keymap.c **** 		KC_TRNS, KC_TRNS, KC_TRNS, KC_TRNS, KC_TRNS, KC_TRNS, KC_TRNS, KC_TRNS, KC_TRNS, KC_TRNS, KC_TRNS
 135:keyboards/kb/keymaps/asya/keymap.c **** 		KC_TRNS, KC_TRNS, KC_TRNS, KC_TRNS, KC_TRNS, KC_TRNS, KC_TRNS, KC_TRNS, KC_TRNS, KC_TRNS, KC_TRNS
 136:keyboards/kb/keymaps/asya/keymap.c **** 		KC_TRNS, KC_TRNS, KC_TRNS, KC_TRNS, KC_TRNS, KC_TRNS, KC_TRNS, KC_TRNS, KC_TRNS, KC_TRNS, KC_TRNS
 137:keyboards/kb/keymaps/asya/keymap.c **** 		KC_TRNS, KC_TRNS, KC_TRNS, KC_TRNS, KC_TRNS, KC_TRNS, KC_TRNS, KC_TRNS, KC_TRNS, KC_TRNS, KC_TRNS
 138:keyboards/kb/keymaps/asya/keymap.c **** 		KC_TRNS, KC_TRNS, KC_TRNS, KC_TRNS, KC_TRNS, KC_TRNS, KC_TRNS),
 139:keyboards/kb/keymaps/asya/keymap.c **** 
 140:keyboards/kb/keymaps/asya/keymap.c **** 	KEYMAP(
 141:keyboards/kb/keymaps/asya/keymap.c **** 		KC_TRNS, KC_TRNS, KC_TRNS, KC_TRNS, KC_TRNS, KC_TRNS, KC_TRNS, KC_TRNS, KC_TRNS, KC_TRNS, KC_TRNS
 142:keyboards/kb/keymaps/asya/keymap.c **** 		KC_TRNS, KC_TRNS, KC_TRNS, KC_TRNS, KC_TRNS, KC_TRNS, KC_TRNS, KC_TRNS, KC_TRNS, KC_TRNS, KC_TRNS
 143:keyboards/kb/keymaps/asya/keymap.c **** 		KC_TRNS, KC_TRNS, KC_TRNS, KC_TRNS, KC_TRNS, KC_TRNS, KC_TRNS, KC_TRNS, KC_TRNS, KC_TRNS, KC_TRNS
 144:keyboards/kb/keymaps/asya/keymap.c **** 		KC_TRNS, KC_TRNS, KC_TRNS, KC_TRNS, KC_TRNS, KC_TRNS, KC_TRNS, KC_TRNS, KC_TRNS, KC_TRNS, KC_TRNS
 145:keyboards/kb/keymaps/asya/keymap.c **** 		KC_TRNS, KC_TRNS, KC_TRNS, KC_TRNS, KC_TRNS, KC_TRNS, KC_TRNS, KC_TRNS, KC_TRNS, KC_TRNS, KC_TRNS
 146:keyboards/kb/keymaps/asya/keymap.c **** 		KC_TRNS, KC_TRNS, KC_TRNS, KC_TRNS, KC_TRNS, KC_TRNS, KC_TRNS, KC_TRNS, KC_TRNS, KC_TRNS, KC_TRNS
 147:keyboards/kb/keymaps/asya/keymap.c **** 		KC_TRNS, KC_TRNS, KC_TRNS, KC_TRNS, KC_TRNS, KC_TRNS, KC_TRNS)
 148:keyboards/kb/keymaps/asya/keymap.c **** 
 149:keyboards/kb/keymaps/asya/keymap.c **** };
 150:keyboards/kb/keymaps/asya/keymap.c **** 
 151:keyboards/kb/keymaps/asya/keymap.c **** const macro_t *action_get_macro(keyrecord_t *record, uint8_t id, uint8_t opt) {
  17               		.loc 1 151 79 view -0
  18               		.cfi_startproc
  19               	/* prologue: function */
  20               	/* frame size = 0 */
  21               	/* stack size = 0 */
  22               	.L__stack_usage = 0
 152:keyboards/kb/keymaps/asya/keymap.c **** 	keyevent_t event = record->event;
  23               		.loc 1 152 2 view .LVU1
 153:keyboards/kb/keymaps/asya/keymap.c **** 
 154:keyboards/kb/keymaps/asya/keymap.c **** 	switch (id) {
  24               		.loc 1 154 2 view .LVU2
 155:keyboards/kb/keymaps/asya/keymap.c **** 
 156:keyboards/kb/keymaps/asya/keymap.c **** 	}
  25               		.loc 1 156 2 view .LVU3
 157:keyboards/kb/keymaps/asya/keymap.c **** 	return MACRO_NONE;
  26               		.loc 1 157 2 view .LVU4
 158:keyboards/kb/keymaps/asya/keymap.c **** }
  27               		.loc 1 158 1 is_stmt 0 view .LVU5
  28 0000 90E0      		ldi r25,0
  29 0002 80E0      		ldi r24,0
  30               	.LVL1:
  31               	/* epilogue start */
  32               		.loc 1 158 1 view .LVU6
  33 0004 0895      		ret
  34               		.cfi_endproc
  35               	.LFE107:
  37               		.section	.text.matrix_init_user,"ax",@progbits
  38               	.global	matrix_init_user
  40               	matrix_init_user:
  41               	.LFB108:
 159:keyboards/kb/keymaps/asya/keymap.c **** 
 160:keyboards/kb/keymaps/asya/keymap.c **** void matrix_init_user(void) {
  42               		.loc 1 160 29 is_stmt 1 view -0
  43               		.cfi_startproc
  44               	/* prologue: function */
  45               	/* frame size = 0 */
  46               	/* stack size = 0 */
  47               	.L__stack_usage = 0
 161:keyboards/kb/keymaps/asya/keymap.c **** }
  48               		.loc 1 161 1 view .LVU8
  49               	/* epilogue start */
  50 0000 0895      		ret
  51               		.cfi_endproc
  52               	.LFE108:
  54               		.section	.text.matrix_scan_user,"ax",@progbits
  55               	.global	matrix_scan_user
  57               	matrix_scan_user:
  58               	.LFB113:
  59               		.cfi_startproc
  60               	/* prologue: function */
  61               	/* frame size = 0 */
  62               	/* stack size = 0 */
  63               	.L__stack_usage = 0
  64               	/* epilogue start */
  65 0000 0895      		ret
  66               		.cfi_endproc
  67               	.LFE113:
  69               		.section	.text.process_record_user,"ax",@progbits
  70               	.global	process_record_user
  72               	process_record_user:
  73               	.LVL2:
  74               	.LFB110:
 162:keyboards/kb/keymaps/asya/keymap.c **** 
 163:keyboards/kb/keymaps/asya/keymap.c **** void matrix_scan_user(void) {
 164:keyboards/kb/keymaps/asya/keymap.c **** }
 165:keyboards/kb/keymaps/asya/keymap.c **** 
 166:keyboards/kb/keymaps/asya/keymap.c **** bool process_record_user(uint16_t keycode, keyrecord_t *record) {
  75               		.loc 1 166 65 view -0
  76               		.cfi_startproc
  77               	/* prologue: function */
  78               	/* frame size = 0 */
  79               	/* stack size = 0 */
  80               	.L__stack_usage = 0
 167:keyboards/kb/keymaps/asya/keymap.c **** 	return true;
  81               		.loc 1 167 2 view .LVU10
 168:keyboards/kb/keymaps/asya/keymap.c **** }
  82               		.loc 1 168 1 is_stmt 0 view .LVU11
  83 0000 81E0      		ldi r24,lo8(1)
  84               	.LVL3:
  85               	/* epilogue start */
  86               		.loc 1 168 1 view .LVU12
  87 0002 0895      		ret
  88               		.cfi_endproc
  89               	.LFE110:
  91               		.section	.text.led_set_user,"ax",@progbits
  92               	.global	led_set_user
  94               	led_set_user:
  95               	.LVL4:
  96               	.LFB111:
 169:keyboards/kb/keymaps/asya/keymap.c **** 
 170:keyboards/kb/keymaps/asya/keymap.c **** 
 171:keyboards/kb/keymaps/asya/keymap.c **** void led_set_user(uint8_t usb_led) {
  97               		.loc 1 171 36 is_stmt 1 view -0
  98               		.cfi_startproc
  99               	/* prologue: function */
 100               	/* frame size = 0 */
 101               	/* stack size = 0 */
 102               	.L__stack_usage = 0
 172:keyboards/kb/keymaps/asya/keymap.c **** 
 173:keyboards/kb/keymaps/asya/keymap.c **** 	if (usb_led & (1 << USB_LED_NUM_LOCK)) {
 103               		.loc 1 173 2 view .LVU14
 174:keyboards/kb/keymaps/asya/keymap.c **** 		
 175:keyboards/kb/keymaps/asya/keymap.c **** 	} else {
 176:keyboards/kb/keymaps/asya/keymap.c **** 		
 177:keyboards/kb/keymaps/asya/keymap.c **** 	}
 104               		.loc 1 177 2 view .LVU15
 178:keyboards/kb/keymaps/asya/keymap.c **** 
 179:keyboards/kb/keymaps/asya/keymap.c **** 	if (usb_led & (1 << USB_LED_CAPS_LOCK)) {
 105               		.loc 1 179 2 view .LVU16
 180:keyboards/kb/keymaps/asya/keymap.c **** 		
 181:keyboards/kb/keymaps/asya/keymap.c **** 	} else {
 182:keyboards/kb/keymaps/asya/keymap.c **** 		
 183:keyboards/kb/keymaps/asya/keymap.c **** 	}
 106               		.loc 1 183 2 view .LVU17
 184:keyboards/kb/keymaps/asya/keymap.c **** 
 185:keyboards/kb/keymaps/asya/keymap.c **** 	if (usb_led & (1 << USB_LED_SCROLL_LOCK)) {
 107               		.loc 1 185 2 view .LVU18
 186:keyboards/kb/keymaps/asya/keymap.c **** 		
 187:keyboards/kb/keymaps/asya/keymap.c **** 	} else {
 188:keyboards/kb/keymaps/asya/keymap.c **** 		
 189:keyboards/kb/keymaps/asya/keymap.c **** 	}
 108               		.loc 1 189 2 view .LVU19
 190:keyboards/kb/keymaps/asya/keymap.c **** 
 191:keyboards/kb/keymaps/asya/keymap.c **** 	if (usb_led & (1 << USB_LED_COMPOSE)) {
 109               		.loc 1 191 2 view .LVU20
 192:keyboards/kb/keymaps/asya/keymap.c **** 		
 193:keyboards/kb/keymaps/asya/keymap.c **** 	} else {
 194:keyboards/kb/keymaps/asya/keymap.c **** 		
 195:keyboards/kb/keymaps/asya/keymap.c **** 	}
 110               		.loc 1 195 2 view .LVU21
 196:keyboards/kb/keymaps/asya/keymap.c **** 
 197:keyboards/kb/keymaps/asya/keymap.c **** 	if (usb_led & (1 << USB_LED_KANA)) {
 111               		.loc 1 197 2 view .LVU22
 198:keyboards/kb/keymaps/asya/keymap.c **** 		
 199:keyboards/kb/keymaps/asya/keymap.c **** 	} else {
 200:keyboards/kb/keymaps/asya/keymap.c **** 		
 201:keyboards/kb/keymaps/asya/keymap.c **** 	}
 112               		.loc 1 201 2 view .LVU23
 113               	/* epilogue start */
 202:keyboards/kb/keymaps/asya/keymap.c **** 
 203:keyboards/kb/keymaps/asya/keymap.c **** }
 114               		.loc 1 203 1 is_stmt 0 view .LVU24
 115 0000 0895      		ret
 116               		.cfi_endproc
 117               	.LFE111:
 119               	.global	keymaps
 120               		.section	.progmem.data.keymaps,"a"
 123               	keymaps:
 124 0000 2900      		.word	41
 125 0002 3A00      		.word	58
 126 0004 3B00      		.word	59
 127 0006 3C00      		.word	60
 128 0008 3D00      		.word	61
 129 000a 3E00      		.word	62
 130 000c 3F00      		.word	63
 131 000e 4000      		.word	64
 132 0010 4100      		.word	65
 133 0012 4200      		.word	66
 134 0014 4300      		.word	67
 135 0016 4400      		.word	68
 136 0018 4500      		.word	69
 137 001a 3500      		.word	53
 138 001c 1E00      		.word	30
 139 001e 1F00      		.word	31
 140 0020 2000      		.word	32
 141 0022 2100      		.word	33
 142 0024 2200      		.word	34
 143 0026 2300      		.word	35
 144 0028 2400      		.word	36
 145 002a 2500      		.word	37
 146 002c 2600      		.word	38
 147 002e 2700      		.word	39
 148 0030 2D00      		.word	45
 149 0032 2E00      		.word	46
 150 0034 5700      		.word	87
 151 0036 0000      		.word	0
 152 0038 1400      		.word	20
 153 003a 1A00      		.word	26
 154 003c 0800      		.word	8
 155 003e 1500      		.word	21
 156 0040 1700      		.word	23
 157 0042 2B00      		.word	43
 158 0044 1C00      		.word	28
 159 0046 1800      		.word	24
 160 0048 0C00      		.word	12
 161 004a 1200      		.word	18
 162 004c 1300      		.word	19
 163 004e 3900      		.word	57
 164 0050 0400      		.word	4
 165 0052 1600      		.word	22
 166 0054 0700      		.word	7
 167 0056 0900      		.word	9
 168 0058 0A00      		.word	10
 169 005a 2800      		.word	40
 170 005c 0B00      		.word	11
 171 005e 0D00      		.word	13
 172 0060 0E00      		.word	14
 173 0062 0F00      		.word	15
 174 0064 3300      		.word	51
 175 0066 3400      		.word	52
 176 0068 E100      		.word	225
 177 006a 3102      		.word	561
 178 006c 1D00      		.word	29
 179 006e 1B00      		.word	27
 180 0070 0600      		.word	6
 181 0072 1900      		.word	25
 182 0074 E500      		.word	229
 183 0076 0500      		.word	5
 184 0078 1100      		.word	17
 185 007a 1000      		.word	16
 186 007c 3600      		.word	54
 187 007e 3700      		.word	55
 188 0080 3800      		.word	56
 189 0082 0000      		.word	0
 190 0084 E200      		.word	226
 191 0086 E000      		.word	224
 192 0088 E600      		.word	230
 193 008a 2C00      		.word	44
 194 008c E600      		.word	230
 195 008e E400      		.word	228
 196 0090 E300      		.word	227
 197 0092 5000      		.word	80
 198 0094 5100      		.word	81
 199 0096 4F00      		.word	79
 200 0098 4D00      		.word	77
 201 009a 5200      		.word	82
 202 009c 0000      		.word	0
 203 009e 0000      		.word	0
 204 00a0 0000      		.word	0
 205 00a2 0000      		.word	0
 206 00a4 0000      		.word	0
 207 00a6 0000      		.word	0
 208 00a8 2F00      		.word	47
 209 00aa 2800      		.word	40
 210 00ac 4C00      		.word	76
 211 00ae 3000      		.word	48
 212 00b0 2A00      		.word	42
 213 00b2 4B00      		.word	75
 214 00b4 3100      		.word	49
 215 00b6 0100      		.word	1
 216 00b8 0100      		.word	1
 217 00ba 0100      		.word	1
 218 00bc 0100      		.word	1
 219 00be 0100      		.word	1
 220 00c0 0100      		.word	1
 221 00c2 0100      		.word	1
 222 00c4 0100      		.word	1
 223 00c6 0100      		.word	1
 224 00c8 0100      		.word	1
 225 00ca 0100      		.word	1
 226 00cc 0100      		.word	1
 227 00ce 0100      		.word	1
 228 00d0 0100      		.word	1
 229 00d2 0100      		.word	1
 230 00d4 0100      		.word	1
 231 00d6 0100      		.word	1
 232 00d8 0100      		.word	1
 233 00da 0100      		.word	1
 234 00dc 0100      		.word	1
 235 00de 0100      		.word	1
 236 00e0 0100      		.word	1
 237 00e2 0100      		.word	1
 238 00e4 0100      		.word	1
 239 00e6 0100      		.word	1
 240 00e8 0100      		.word	1
 241 00ea 0100      		.word	1
 242 00ec 0100      		.word	1
 243 00ee 0100      		.word	1
 244 00f0 0100      		.word	1
 245 00f2 0100      		.word	1
 246 00f4 0100      		.word	1
 247 00f6 0100      		.word	1
 248 00f8 0100      		.word	1
 249 00fa 0100      		.word	1
 250 00fc 0100      		.word	1
 251 00fe 0100      		.word	1
 252 0100 0100      		.word	1
 253 0102 0100      		.word	1
 254 0104 0100      		.word	1
 255 0106 0100      		.word	1
 256 0108 0100      		.word	1
 257 010a 0100      		.word	1
 258 010c 0100      		.word	1
 259 010e 0100      		.word	1
 260 0110 0100      		.word	1
 261 0112 0100      		.word	1
 262 0114 0100      		.word	1
 263 0116 0100      		.word	1
 264 0118 0100      		.word	1
 265 011a 0100      		.word	1
 266 011c 0100      		.word	1
 267 011e 0100      		.word	1
 268 0120 0100      		.word	1
 269 0122 0100      		.word	1
 270 0124 0100      		.word	1
 271 0126 0100      		.word	1
 272 0128 0100      		.word	1
 273 012a 0100      		.word	1
 274 012c 0100      		.word	1
 275 012e 0100      		.word	1
 276 0130 0100      		.word	1
 277 0132 0100      		.word	1
 278 0134 0100      		.word	1
 279 0136 0100      		.word	1
 280 0138 0100      		.word	1
 281 013a 0100      		.word	1
 282 013c 0100      		.word	1
 283 013e 0100      		.word	1
 284 0140 0100      		.word	1
 285 0142 0100      		.word	1
 286 0144 0100      		.word	1
 287 0146 0100      		.word	1
 288 0148 0100      		.word	1
 289 014a 0100      		.word	1
 290 014c 0100      		.word	1
 291 014e 0100      		.word	1
 292 0150 0100      		.word	1
 293 0152 0000      		.word	0
 294 0154 0000      		.word	0
 295 0156 0000      		.word	0
 296 0158 0000      		.word	0
 297 015a 0000      		.word	0
 298 015c 0000      		.word	0
 299 015e 0100      		.word	1
 300 0160 0100      		.word	1
 301 0162 0100      		.word	1
 302 0164 0100      		.word	1
 303 0166 0100      		.word	1
 304 0168 0100      		.word	1
 305 016a 0100      		.word	1
 306 016c 0100      		.word	1
 307 016e 0100      		.word	1
 308 0170 0100      		.word	1
 309 0172 0100      		.word	1
 310 0174 0100      		.word	1
 311 0176 0100      		.word	1
 312 0178 0100      		.word	1
 313 017a 0100      		.word	1
 314 017c 0100      		.word	1
 315 017e 0100      		.word	1
 316 0180 0100      		.word	1
 317 0182 0100      		.word	1
 318 0184 0100      		.word	1
 319 0186 0100      		.word	1
 320 0188 0100      		.word	1
 321 018a 0100      		.word	1
 322 018c 0100      		.word	1
 323 018e 0100      		.word	1
 324 0190 0100      		.word	1
 325 0192 0100      		.word	1
 326 0194 0100      		.word	1
 327 0196 0100      		.word	1
 328 0198 0100      		.word	1
 329 019a 0100      		.word	1
 330 019c 0100      		.word	1
 331 019e 0100      		.word	1
 332 01a0 0100      		.word	1
 333 01a2 0100      		.word	1
 334 01a4 0100      		.word	1
 335 01a6 0100      		.word	1
 336 01a8 0100      		.word	1
 337 01aa 0100      		.word	1
 338 01ac 0100      		.word	1
 339 01ae 0100      		.word	1
 340 01b0 0100      		.word	1
 341 01b2 0100      		.word	1
 342 01b4 0100      		.word	1
 343 01b6 0100      		.word	1
 344 01b8 0100      		.word	1
 345 01ba 0100      		.word	1
 346 01bc 0100      		.word	1
 347 01be 0100      		.word	1
 348 01c0 0100      		.word	1
 349 01c2 0100      		.word	1
 350 01c4 0100      		.word	1
 351 01c6 0100      		.word	1
 352 01c8 0100      		.word	1
 353 01ca 0100      		.word	1
 354 01cc 0100      		.word	1
 355 01ce 0100      		.word	1
 356 01d0 0100      		.word	1
 357 01d2 0100      		.word	1
 358 01d4 0100      		.word	1
 359 01d6 0100      		.word	1
 360 01d8 0100      		.word	1
 361 01da 0100      		.word	1
 362 01dc 0100      		.word	1
 363 01de 0100      		.word	1
 364 01e0 0100      		.word	1
 365 01e2 0100      		.word	1
 366 01e4 0100      		.word	1
 367 01e6 0100      		.word	1
 368 01e8 0100      		.word	1
 369 01ea 0100      		.word	1
 370 01ec 0100      		.word	1
 371 01ee 0100      		.word	1
 372 01f0 0100      		.word	1
 373 01f2 0100      		.word	1
 374 01f4 0100      		.word	1
 375 01f6 0100      		.word	1
 376 01f8 0100      		.word	1
 377 01fa 0100      		.word	1
 378 01fc 0100      		.word	1
 379 01fe 0100      		.word	1
 380 0200 0100      		.word	1
 381 0202 0100      		.word	1
 382 0204 0100      		.word	1
 383 0206 0100      		.word	1
 384 0208 0000      		.word	0
 385 020a 0000      		.word	0
 386 020c 0000      		.word	0
 387 020e 0000      		.word	0
 388 0210 0000      		.word	0
 389 0212 0000      		.word	0
 390 0214 0100      		.word	1
 391 0216 0100      		.word	1
 392 0218 0100      		.word	1
 393 021a 0100      		.word	1
 394 021c 0100      		.word	1
 395 021e 0100      		.word	1
 396 0220 0100      		.word	1
 397 0222 0100      		.word	1
 398 0224 0100      		.word	1
 399 0226 0100      		.word	1
 400 0228 0100      		.word	1
 401 022a 0100      		.word	1
 402 022c 0100      		.word	1
 403 022e 0100      		.word	1
 404 0230 0100      		.word	1
 405 0232 0100      		.word	1
 406 0234 0100      		.word	1
 407 0236 0100      		.word	1
 408 0238 0100      		.word	1
 409 023a 0100      		.word	1
 410 023c 0100      		.word	1
 411 023e 0100      		.word	1
 412 0240 0100      		.word	1
 413 0242 0100      		.word	1
 414 0244 0100      		.word	1
 415 0246 0100      		.word	1
 416 0248 0100      		.word	1
 417 024a 0100      		.word	1
 418 024c 0100      		.word	1
 419 024e 0100      		.word	1
 420 0250 0100      		.word	1
 421 0252 0100      		.word	1
 422 0254 0100      		.word	1
 423 0256 0100      		.word	1
 424 0258 0100      		.word	1
 425 025a 0100      		.word	1
 426 025c 0100      		.word	1
 427 025e 0100      		.word	1
 428 0260 0100      		.word	1
 429 0262 0100      		.word	1
 430 0264 0100      		.word	1
 431 0266 0100      		.word	1
 432 0268 0100      		.word	1
 433 026a 0100      		.word	1
 434 026c 0100      		.word	1
 435 026e 0100      		.word	1
 436 0270 0100      		.word	1
 437 0272 0100      		.word	1
 438 0274 0100      		.word	1
 439 0276 0100      		.word	1
 440 0278 0100      		.word	1
 441 027a 0100      		.word	1
 442 027c 0100      		.word	1
 443 027e 0100      		.word	1
 444 0280 0100      		.word	1
 445 0282 0100      		.word	1
 446 0284 0100      		.word	1
 447 0286 0100      		.word	1
 448 0288 0100      		.word	1
 449 028a 0100      		.word	1
 450 028c 0100      		.word	1
 451 028e 0100      		.word	1
 452 0290 0100      		.word	1
 453 0292 0100      		.word	1
 454 0294 0100      		.word	1
 455 0296 0100      		.word	1
 456 0298 0100      		.word	1
 457 029a 0100      		.word	1
 458 029c 0100      		.word	1
 459 029e 0100      		.word	1
 460 02a0 0100      		.word	1
 461 02a2 0100      		.word	1
 462 02a4 0100      		.word	1
 463 02a6 0100      		.word	1
 464 02a8 0100      		.word	1
 465 02aa 0100      		.word	1
 466 02ac 0100      		.word	1
 467 02ae 0100      		.word	1
 468 02b0 0100      		.word	1
 469 02b2 0100      		.word	1
 470 02b4 0100      		.word	1
 471 02b6 0100      		.word	1
 472 02b8 0100      		.word	1
 473 02ba 0100      		.word	1
 474 02bc 0100      		.word	1
 475 02be 0000      		.word	0
 476 02c0 0000      		.word	0
 477 02c2 0000      		.word	0
 478 02c4 0000      		.word	0
 479 02c6 0000      		.word	0
 480 02c8 0000      		.word	0
 481 02ca 0100      		.word	1
 482 02cc 0100      		.word	1
 483 02ce 0100      		.word	1
 484 02d0 0100      		.word	1
 485 02d2 0100      		.word	1
 486 02d4 0100      		.word	1
 487 02d6 0100      		.word	1
 488 02d8 0100      		.word	1
 489 02da 0100      		.word	1
 490 02dc 0100      		.word	1
 491 02de 0100      		.word	1
 492 02e0 0100      		.word	1
 493 02e2 0100      		.word	1
 494 02e4 0100      		.word	1
 495 02e6 0100      		.word	1
 496 02e8 0100      		.word	1
 497 02ea 0100      		.word	1
 498 02ec 0100      		.word	1
 499 02ee 0100      		.word	1
 500 02f0 0100      		.word	1
 501 02f2 0100      		.word	1
 502 02f4 0100      		.word	1
 503 02f6 0100      		.word	1
 504 02f8 0100      		.word	1
 505 02fa 0100      		.word	1
 506 02fc 0100      		.word	1
 507 02fe 0100      		.word	1
 508 0300 0100      		.word	1
 509 0302 0100      		.word	1
 510 0304 0100      		.word	1
 511 0306 0100      		.word	1
 512 0308 0100      		.word	1
 513 030a 0100      		.word	1
 514 030c 0100      		.word	1
 515 030e 0100      		.word	1
 516 0310 0100      		.word	1
 517 0312 0100      		.word	1
 518 0314 0100      		.word	1
 519 0316 0100      		.word	1
 520 0318 0100      		.word	1
 521 031a 0100      		.word	1
 522 031c 0100      		.word	1
 523 031e 0100      		.word	1
 524 0320 0100      		.word	1
 525 0322 0100      		.word	1
 526 0324 0100      		.word	1
 527 0326 0100      		.word	1
 528 0328 0100      		.word	1
 529 032a 0100      		.word	1
 530 032c 0100      		.word	1
 531 032e 0100      		.word	1
 532 0330 0100      		.word	1
 533 0332 0100      		.word	1
 534 0334 0100      		.word	1
 535 0336 0100      		.word	1
 536 0338 0100      		.word	1
 537 033a 0100      		.word	1
 538 033c 0100      		.word	1
 539 033e 0100      		.word	1
 540 0340 0100      		.word	1
 541 0342 0100      		.word	1
 542 0344 0100      		.word	1
 543 0346 0100      		.word	1
 544 0348 0100      		.word	1
 545 034a 0100      		.word	1
 546 034c 0100      		.word	1
 547 034e 0100      		.word	1
 548 0350 0100      		.word	1
 549 0352 0100      		.word	1
 550 0354 0100      		.word	1
 551 0356 0100      		.word	1
 552 0358 0100      		.word	1
 553 035a 0100      		.word	1
 554 035c 0100      		.word	1
 555 035e 0100      		.word	1
 556 0360 0100      		.word	1
 557 0362 0100      		.word	1
 558 0364 0100      		.word	1
 559 0366 0100      		.word	1
 560 0368 0100      		.word	1
 561 036a 0100      		.word	1
 562 036c 0100      		.word	1
 563 036e 0100      		.word	1
 564 0370 0100      		.word	1
 565 0372 0100      		.word	1
 566 0374 0000      		.word	0
 567 0376 0000      		.word	0
 568 0378 0000      		.word	0
 569 037a 0000      		.word	0
 570 037c 0000      		.word	0
 571 037e 0000      		.word	0
 572 0380 0100      		.word	1
 573 0382 0100      		.word	1
 574 0384 0100      		.word	1
 575 0386 0100      		.word	1
 576 0388 0100      		.word	1
 577 038a 0100      		.word	1
 578 038c 0100      		.word	1
 579 038e 0100      		.word	1
 580 0390 0100      		.word	1
 581 0392 0100      		.word	1
 582 0394 0100      		.word	1
 583 0396 0100      		.word	1
 584 0398 0100      		.word	1
 585 039a 0100      		.word	1
 586 039c 0100      		.word	1
 587 039e 0100      		.word	1
 588 03a0 0100      		.word	1
 589 03a2 0100      		.word	1
 590 03a4 0100      		.word	1
 591 03a6 0100      		.word	1
 592 03a8 0100      		.word	1
 593 03aa 0100      		.word	1
 594 03ac 0100      		.word	1
 595 03ae 0100      		.word	1
 596 03b0 0100      		.word	1
 597 03b2 0100      		.word	1
 598 03b4 0100      		.word	1
 599 03b6 0100      		.word	1
 600 03b8 0100      		.word	1
 601 03ba 0100      		.word	1
 602 03bc 0100      		.word	1
 603 03be 0100      		.word	1
 604 03c0 0100      		.word	1
 605 03c2 0100      		.word	1
 606 03c4 0100      		.word	1
 607 03c6 0100      		.word	1
 608 03c8 0100      		.word	1
 609 03ca 0100      		.word	1
 610 03cc 0100      		.word	1
 611 03ce 0100      		.word	1
 612 03d0 0100      		.word	1
 613 03d2 0100      		.word	1
 614 03d4 0100      		.word	1
 615 03d6 0100      		.word	1
 616 03d8 0100      		.word	1
 617 03da 0100      		.word	1
 618 03dc 0100      		.word	1
 619 03de 0100      		.word	1
 620 03e0 0100      		.word	1
 621 03e2 0100      		.word	1
 622 03e4 0100      		.word	1
 623 03e6 0100      		.word	1
 624 03e8 0100      		.word	1
 625 03ea 0100      		.word	1
 626 03ec 0100      		.word	1
 627 03ee 0100      		.word	1
 628 03f0 0100      		.word	1
 629 03f2 0100      		.word	1
 630 03f4 0100      		.word	1
 631 03f6 0100      		.word	1
 632 03f8 0100      		.word	1
 633 03fa 0100      		.word	1
 634 03fc 0100      		.word	1
 635 03fe 0100      		.word	1
 636 0400 0100      		.word	1
 637 0402 0100      		.word	1
 638 0404 0100      		.word	1
 639 0406 0100      		.word	1
 640 0408 0100      		.word	1
 641 040a 0100      		.word	1
 642 040c 0100      		.word	1
 643 040e 0100      		.word	1
 644 0410 0100      		.word	1
 645 0412 0100      		.word	1
 646 0414 0100      		.word	1
 647 0416 0100      		.word	1
 648 0418 0100      		.word	1
 649 041a 0100      		.word	1
 650 041c 0100      		.word	1
 651 041e 0100      		.word	1
 652 0420 0100      		.word	1
 653 0422 0100      		.word	1
 654 0424 0100      		.word	1
 655 0426 0100      		.word	1
 656 0428 0100      		.word	1
 657 042a 0000      		.word	0
 658 042c 0000      		.word	0
 659 042e 0000      		.word	0
 660 0430 0000      		.word	0
 661 0432 0000      		.word	0
 662 0434 0000      		.word	0
 663 0436 0100      		.word	1
 664 0438 0100      		.word	1
 665 043a 0100      		.word	1
 666 043c 0100      		.word	1
 667 043e 0100      		.word	1
 668 0440 0100      		.word	1
 669 0442 0100      		.word	1
 670 0444 0100      		.word	1
 671 0446 0100      		.word	1
 672 0448 0100      		.word	1
 673 044a 0100      		.word	1
 674 044c 0100      		.word	1
 675 044e 0100      		.word	1
 676 0450 0100      		.word	1
 677 0452 0100      		.word	1
 678 0454 0100      		.word	1
 679 0456 0100      		.word	1
 680 0458 0100      		.word	1
 681 045a 0100      		.word	1
 682 045c 0100      		.word	1
 683 045e 0100      		.word	1
 684 0460 0100      		.word	1
 685 0462 0100      		.word	1
 686 0464 0100      		.word	1
 687 0466 0100      		.word	1
 688 0468 0100      		.word	1
 689 046a 0100      		.word	1
 690 046c 0100      		.word	1
 691 046e 0100      		.word	1
 692 0470 0100      		.word	1
 693 0472 0100      		.word	1
 694 0474 0100      		.word	1
 695 0476 0100      		.word	1
 696 0478 0100      		.word	1
 697 047a 0100      		.word	1
 698 047c 0100      		.word	1
 699 047e 0100      		.word	1
 700 0480 0100      		.word	1
 701 0482 0100      		.word	1
 702 0484 0100      		.word	1
 703 0486 0100      		.word	1
 704 0488 0100      		.word	1
 705 048a 0100      		.word	1
 706 048c 0100      		.word	1
 707 048e 0100      		.word	1
 708 0490 0100      		.word	1
 709 0492 0100      		.word	1
 710 0494 0100      		.word	1
 711 0496 0100      		.word	1
 712 0498 0100      		.word	1
 713 049a 0100      		.word	1
 714 049c 0100      		.word	1
 715 049e 0100      		.word	1
 716 04a0 0100      		.word	1
 717 04a2 0100      		.word	1
 718 04a4 0100      		.word	1
 719 04a6 0100      		.word	1
 720 04a8 0100      		.word	1
 721 04aa 0100      		.word	1
 722 04ac 0100      		.word	1
 723 04ae 0100      		.word	1
 724 04b0 0100      		.word	1
 725 04b2 0100      		.word	1
 726 04b4 0100      		.word	1
 727 04b6 0100      		.word	1
 728 04b8 0100      		.word	1
 729 04ba 0100      		.word	1
 730 04bc 0100      		.word	1
 731 04be 0100      		.word	1
 732 04c0 0100      		.word	1
 733 04c2 0100      		.word	1
 734 04c4 0100      		.word	1
 735 04c6 0100      		.word	1
 736 04c8 0100      		.word	1
 737 04ca 0100      		.word	1
 738 04cc 0100      		.word	1
 739 04ce 0100      		.word	1
 740 04d0 0100      		.word	1
 741 04d2 0100      		.word	1
 742 04d4 0100      		.word	1
 743 04d6 0100      		.word	1
 744 04d8 0100      		.word	1
 745 04da 0100      		.word	1
 746 04dc 0100      		.word	1
 747 04de 0100      		.word	1
 748 04e0 0000      		.word	0
 749 04e2 0000      		.word	0
 750 04e4 0000      		.word	0
 751 04e6 0000      		.word	0
 752 04e8 0000      		.word	0
 753 04ea 0000      		.word	0
 754 04ec 0100      		.word	1
 755 04ee 0100      		.word	1
 756 04f0 0100      		.word	1
 757 04f2 0100      		.word	1
 758 04f4 0100      		.word	1
 759 04f6 0100      		.word	1
 760 04f8 0100      		.word	1
 761 04fa 0100      		.word	1
 762 04fc 0100      		.word	1
 763 04fe 0100      		.word	1
 764 0500 0100      		.word	1
 765 0502 0100      		.word	1
 766 0504 0100      		.word	1
 767 0506 0100      		.word	1
 768 0508 0100      		.word	1
 769 050a 0100      		.word	1
 770 050c 0100      		.word	1
 771 050e 0100      		.word	1
 772 0510 0100      		.word	1
 773 0512 0100      		.word	1
 774 0514 0100      		.word	1
 775 0516 0100      		.word	1
 776 0518 0100      		.word	1
 777 051a 0100      		.word	1
 778 051c 0100      		.word	1
 779 051e 0100      		.word	1
 780 0520 0100      		.word	1
 781 0522 0100      		.word	1
 782 0524 0100      		.word	1
 783 0526 0100      		.word	1
 784 0528 0100      		.word	1
 785 052a 0100      		.word	1
 786 052c 0100      		.word	1
 787 052e 0100      		.word	1
 788 0530 0100      		.word	1
 789 0532 0100      		.word	1
 790 0534 0100      		.word	1
 791 0536 0100      		.word	1
 792 0538 0100      		.word	1
 793 053a 0100      		.word	1
 794 053c 0100      		.word	1
 795 053e 0100      		.word	1
 796 0540 0100      		.word	1
 797 0542 0100      		.word	1
 798 0544 0100      		.word	1
 799 0546 0100      		.word	1
 800 0548 0100      		.word	1
 801 054a 0100      		.word	1
 802 054c 0100      		.word	1
 803 054e 0100      		.word	1
 804 0550 0100      		.word	1
 805 0552 0100      		.word	1
 806 0554 0100      		.word	1
 807 0556 0100      		.word	1
 808 0558 0100      		.word	1
 809 055a 0100      		.word	1
 810 055c 0100      		.word	1
 811 055e 0100      		.word	1
 812 0560 0100      		.word	1
 813 0562 0100      		.word	1
 814 0564 0100      		.word	1
 815 0566 0100      		.word	1
 816 0568 0100      		.word	1
 817 056a 0100      		.word	1
 818 056c 0100      		.word	1
 819 056e 0100      		.word	1
 820 0570 0100      		.word	1
 821 0572 0100      		.word	1
 822 0574 0100      		.word	1
 823 0576 0100      		.word	1
 824 0578 0100      		.word	1
 825 057a 0100      		.word	1
 826 057c 0100      		.word	1
 827 057e 0100      		.word	1
 828 0580 0100      		.word	1
 829 0582 0100      		.word	1
 830 0584 0100      		.word	1
 831 0586 0100      		.word	1
 832 0588 0100      		.word	1
 833 058a 0100      		.word	1
 834 058c 0100      		.word	1
 835 058e 0100      		.word	1
 836 0590 0100      		.word	1
 837 0592 0100      		.word	1
 838 0594 0100      		.word	1
 839 0596 0000      		.word	0
 840 0598 0000      		.word	0
 841 059a 0000      		.word	0
 842 059c 0000      		.word	0
 843 059e 0000      		.word	0
 844 05a0 0000      		.word	0
 845 05a2 0100      		.word	1
 846 05a4 0100      		.word	1
 847 05a6 0100      		.word	1
 848 05a8 0100      		.word	1
 849 05aa 0100      		.word	1
 850 05ac 0100      		.word	1
 851 05ae 0100      		.word	1
 852 05b0 0100      		.word	1
 853 05b2 0100      		.word	1
 854 05b4 0100      		.word	1
 855 05b6 0100      		.word	1
 856 05b8 0100      		.word	1
 857 05ba 0100      		.word	1
 858 05bc 0100      		.word	1
 859 05be 0100      		.word	1
 860 05c0 0100      		.word	1
 861 05c2 0100      		.word	1
 862 05c4 0100      		.word	1
 863 05c6 0100      		.word	1
 864 05c8 0100      		.word	1
 865 05ca 0100      		.word	1
 866 05cc 0100      		.word	1
 867 05ce 0100      		.word	1
 868 05d0 0100      		.word	1
 869 05d2 0100      		.word	1
 870 05d4 0100      		.word	1
 871 05d6 0100      		.word	1
 872 05d8 0100      		.word	1
 873 05da 0100      		.word	1
 874 05dc 0100      		.word	1
 875 05de 0100      		.word	1
 876 05e0 0100      		.word	1
 877 05e2 0100      		.word	1
 878 05e4 0100      		.word	1
 879 05e6 0100      		.word	1
 880 05e8 0100      		.word	1
 881 05ea 0100      		.word	1
 882 05ec 0100      		.word	1
 883 05ee 0100      		.word	1
 884 05f0 0100      		.word	1
 885 05f2 0100      		.word	1
 886 05f4 0100      		.word	1
 887 05f6 0100      		.word	1
 888 05f8 0100      		.word	1
 889 05fa 0100      		.word	1
 890 05fc 0100      		.word	1
 891 05fe 0100      		.word	1
 892 0600 0100      		.word	1
 893 0602 0100      		.word	1
 894 0604 0100      		.word	1
 895 0606 0100      		.word	1
 896 0608 0100      		.word	1
 897 060a 0100      		.word	1
 898 060c 0100      		.word	1
 899 060e 0100      		.word	1
 900 0610 0100      		.word	1
 901 0612 0100      		.word	1
 902 0614 0100      		.word	1
 903 0616 0100      		.word	1
 904 0618 0100      		.word	1
 905 061a 0100      		.word	1
 906 061c 0100      		.word	1
 907 061e 0100      		.word	1
 908 0620 0100      		.word	1
 909 0622 0100      		.word	1
 910 0624 0100      		.word	1
 911 0626 0100      		.word	1
 912 0628 0100      		.word	1
 913 062a 0100      		.word	1
 914 062c 0100      		.word	1
 915 062e 0100      		.word	1
 916 0630 0100      		.word	1
 917 0632 0100      		.word	1
 918 0634 0100      		.word	1
 919 0636 0100      		.word	1
 920 0638 0100      		.word	1
 921 063a 0100      		.word	1
 922 063c 0100      		.word	1
 923 063e 0100      		.word	1
 924 0640 0100      		.word	1
 925 0642 0100      		.word	1
 926 0644 0100      		.word	1
 927 0646 0100      		.word	1
 928 0648 0100      		.word	1
 929 064a 0100      		.word	1
 930 064c 0000      		.word	0
 931 064e 0000      		.word	0
 932 0650 0000      		.word	0
 933 0652 0000      		.word	0
 934 0654 0000      		.word	0
 935 0656 0000      		.word	0
 936 0658 0100      		.word	1
 937 065a 0100      		.word	1
 938 065c 0100      		.word	1
 939 065e 0100      		.word	1
 940 0660 0100      		.word	1
 941 0662 0100      		.word	1
 942 0664 0100      		.word	1
 943 0666 0100      		.word	1
 944 0668 0100      		.word	1
 945 066a 0100      		.word	1
 946 066c 0100      		.word	1
 947 066e 0100      		.word	1
 948 0670 0100      		.word	1
 949 0672 0100      		.word	1
 950 0674 0100      		.word	1
 951 0676 0100      		.word	1
 952 0678 0100      		.word	1
 953 067a 0100      		.word	1
 954 067c 0100      		.word	1
 955 067e 0100      		.word	1
 956 0680 0100      		.word	1
 957 0682 0100      		.word	1
 958 0684 0100      		.word	1
 959 0686 0100      		.word	1
 960 0688 0100      		.word	1
 961 068a 0100      		.word	1
 962 068c 0100      		.word	1
 963 068e 0100      		.word	1
 964 0690 0100      		.word	1
 965 0692 0100      		.word	1
 966 0694 0100      		.word	1
 967 0696 0100      		.word	1
 968 0698 0100      		.word	1
 969 069a 0100      		.word	1
 970 069c 0100      		.word	1
 971 069e 0100      		.word	1
 972 06a0 0100      		.word	1
 973 06a2 0100      		.word	1
 974 06a4 0100      		.word	1
 975 06a6 0100      		.word	1
 976 06a8 0100      		.word	1
 977 06aa 0100      		.word	1
 978 06ac 0100      		.word	1
 979 06ae 0100      		.word	1
 980 06b0 0100      		.word	1
 981 06b2 0100      		.word	1
 982 06b4 0100      		.word	1
 983 06b6 0100      		.word	1
 984 06b8 0100      		.word	1
 985 06ba 0100      		.word	1
 986 06bc 0100      		.word	1
 987 06be 0100      		.word	1
 988 06c0 0100      		.word	1
 989 06c2 0100      		.word	1
 990 06c4 0100      		.word	1
 991 06c6 0100      		.word	1
 992 06c8 0100      		.word	1
 993 06ca 0100      		.word	1
 994 06cc 0100      		.word	1
 995 06ce 0100      		.word	1
 996 06d0 0100      		.word	1
 997 06d2 0100      		.word	1
 998 06d4 0100      		.word	1
 999 06d6 0100      		.word	1
 1000 06d8 0100      		.word	1
 1001 06da 0100      		.word	1
 1002 06dc 0100      		.word	1
 1003 06de 0100      		.word	1
 1004 06e0 0100      		.word	1
 1005 06e2 0100      		.word	1
 1006 06e4 0100      		.word	1
 1007 06e6 0100      		.word	1
 1008 06e8 0100      		.word	1
 1009 06ea 0100      		.word	1
 1010 06ec 0100      		.word	1
 1011 06ee 0100      		.word	1
 1012 06f0 0100      		.word	1
 1013 06f2 0100      		.word	1
 1014 06f4 0100      		.word	1
 1015 06f6 0100      		.word	1
 1016 06f8 0100      		.word	1
 1017 06fa 0100      		.word	1
 1018 06fc 0100      		.word	1
 1019 06fe 0100      		.word	1
 1020 0700 0100      		.word	1
 1021 0702 0000      		.word	0
 1022 0704 0000      		.word	0
 1023 0706 0000      		.word	0
 1024 0708 0000      		.word	0
 1025 070a 0000      		.word	0
 1026 070c 0000      		.word	0
 1027 070e 0100      		.word	1
 1028 0710 0100      		.word	1
 1029 0712 0100      		.word	1
 1030 0714 0100      		.word	1
 1031 0716 0100      		.word	1
 1032 0718 0100      		.word	1
 1033 071a 0100      		.word	1
 1034 071c 0100      		.word	1
 1035 071e 0100      		.word	1
 1036 0720 0100      		.word	1
 1037 0722 0100      		.word	1
 1038 0724 0100      		.word	1
 1039 0726 0100      		.word	1
 1040 0728 0100      		.word	1
 1041 072a 0100      		.word	1
 1042 072c 0100      		.word	1
 1043 072e 0100      		.word	1
 1044 0730 0100      		.word	1
 1045 0732 0100      		.word	1
 1046 0734 0100      		.word	1
 1047 0736 0100      		.word	1
 1048 0738 0100      		.word	1
 1049 073a 0100      		.word	1
 1050 073c 0100      		.word	1
 1051 073e 0100      		.word	1
 1052 0740 0100      		.word	1
 1053 0742 0100      		.word	1
 1054 0744 0100      		.word	1
 1055 0746 0100      		.word	1
 1056 0748 0100      		.word	1
 1057 074a 0100      		.word	1
 1058 074c 0100      		.word	1
 1059 074e 0100      		.word	1
 1060 0750 0100      		.word	1
 1061 0752 0100      		.word	1
 1062 0754 0100      		.word	1
 1063 0756 0100      		.word	1
 1064 0758 0100      		.word	1
 1065 075a 0100      		.word	1
 1066 075c 0100      		.word	1
 1067 075e 0100      		.word	1
 1068 0760 0100      		.word	1
 1069 0762 0100      		.word	1
 1070 0764 0100      		.word	1
 1071 0766 0100      		.word	1
 1072 0768 0100      		.word	1
 1073 076a 0100      		.word	1
 1074 076c 0100      		.word	1
 1075 076e 0100      		.word	1
 1076 0770 0100      		.word	1
 1077 0772 0100      		.word	1
 1078 0774 0100      		.word	1
 1079 0776 0100      		.word	1
 1080 0778 0100      		.word	1
 1081 077a 0100      		.word	1
 1082 077c 0100      		.word	1
 1083 077e 0100      		.word	1
 1084 0780 0100      		.word	1
 1085 0782 0100      		.word	1
 1086 0784 0100      		.word	1
 1087 0786 0100      		.word	1
 1088 0788 0100      		.word	1
 1089 078a 0100      		.word	1
 1090 078c 0100      		.word	1
 1091 078e 0100      		.word	1
 1092 0790 0100      		.word	1
 1093 0792 0100      		.word	1
 1094 0794 0100      		.word	1
 1095 0796 0100      		.word	1
 1096 0798 0100      		.word	1
 1097 079a 0100      		.word	1
 1098 079c 0100      		.word	1
 1099 079e 0100      		.word	1
 1100 07a0 0100      		.word	1
 1101 07a2 0100      		.word	1
 1102 07a4 0100      		.word	1
 1103 07a6 0100      		.word	1
 1104 07a8 0100      		.word	1
 1105 07aa 0100      		.word	1
 1106 07ac 0100      		.word	1
 1107 07ae 0100      		.word	1
 1108 07b0 0100      		.word	1
 1109 07b2 0100      		.word	1
 1110 07b4 0100      		.word	1
 1111 07b6 0100      		.word	1
 1112 07b8 0000      		.word	0
 1113 07ba 0000      		.word	0
 1114 07bc 0000      		.word	0
 1115 07be 0000      		.word	0
 1116 07c0 0000      		.word	0
 1117 07c2 0000      		.word	0
 1118 07c4 0100      		.word	1
 1119 07c6 0100      		.word	1
 1120 07c8 0100      		.word	1
 1121 07ca 0100      		.word	1
 1122 07cc 0100      		.word	1
 1123 07ce 0100      		.word	1
 1124 07d0 0100      		.word	1
 1125 07d2 0100      		.word	1
 1126 07d4 0100      		.word	1
 1127 07d6 0100      		.word	1
 1128 07d8 0100      		.word	1
 1129 07da 0100      		.word	1
 1130 07dc 0100      		.word	1
 1131 07de 0100      		.word	1
 1132 07e0 0100      		.word	1
 1133 07e2 0100      		.word	1
 1134 07e4 0100      		.word	1
 1135 07e6 0100      		.word	1
 1136 07e8 0100      		.word	1
 1137 07ea 0100      		.word	1
 1138 07ec 0100      		.word	1
 1139 07ee 0100      		.word	1
 1140 07f0 0100      		.word	1
 1141 07f2 0100      		.word	1
 1142 07f4 0100      		.word	1
 1143 07f6 0100      		.word	1
 1144 07f8 0100      		.word	1
 1145 07fa 0100      		.word	1
 1146 07fc 0100      		.word	1
 1147 07fe 0100      		.word	1
 1148 0800 0100      		.word	1
 1149 0802 0100      		.word	1
 1150 0804 0100      		.word	1
 1151 0806 0100      		.word	1
 1152 0808 0100      		.word	1
 1153 080a 0100      		.word	1
 1154 080c 0100      		.word	1
 1155 080e 0100      		.word	1
 1156 0810 0100      		.word	1
 1157 0812 0100      		.word	1
 1158 0814 0100      		.word	1
 1159 0816 0100      		.word	1
 1160 0818 0100      		.word	1
 1161 081a 0100      		.word	1
 1162 081c 0100      		.word	1
 1163 081e 0100      		.word	1
 1164 0820 0100      		.word	1
 1165 0822 0100      		.word	1
 1166 0824 0100      		.word	1
 1167 0826 0100      		.word	1
 1168 0828 0100      		.word	1
 1169 082a 0100      		.word	1
 1170 082c 0100      		.word	1
 1171 082e 0100      		.word	1
 1172 0830 0100      		.word	1
 1173 0832 0100      		.word	1
 1174 0834 0100      		.word	1
 1175 0836 0100      		.word	1
 1176 0838 0100      		.word	1
 1177 083a 0100      		.word	1
 1178 083c 0100      		.word	1
 1179 083e 0100      		.word	1
 1180 0840 0100      		.word	1
 1181 0842 0100      		.word	1
 1182 0844 0100      		.word	1
 1183 0846 0100      		.word	1
 1184 0848 0100      		.word	1
 1185 084a 0100      		.word	1
 1186 084c 0100      		.word	1
 1187 084e 0100      		.word	1
 1188 0850 0100      		.word	1
 1189 0852 0100      		.word	1
 1190 0854 0100      		.word	1
 1191 0856 0100      		.word	1
 1192 0858 0100      		.word	1
 1193 085a 0100      		.word	1
 1194 085c 0100      		.word	1
 1195 085e 0100      		.word	1
 1196 0860 0100      		.word	1
 1197 0862 0100      		.word	1
 1198 0864 0100      		.word	1
 1199 0866 0100      		.word	1
 1200 0868 0100      		.word	1
 1201 086a 0100      		.word	1
 1202 086c 0100      		.word	1
 1203 086e 0000      		.word	0
 1204 0870 0000      		.word	0
 1205 0872 0000      		.word	0
 1206 0874 0000      		.word	0
 1207 0876 0000      		.word	0
 1208 0878 0000      		.word	0
 1209 087a 0100      		.word	1
 1210 087c 0100      		.word	1
 1211 087e 0100      		.word	1
 1212 0880 0100      		.word	1
 1213 0882 0100      		.word	1
 1214 0884 0100      		.word	1
 1215 0886 0100      		.word	1
 1216 0888 0100      		.word	1
 1217 088a 0100      		.word	1
 1218 088c 0100      		.word	1
 1219 088e 0100      		.word	1
 1220 0890 0100      		.word	1
 1221 0892 0100      		.word	1
 1222 0894 0100      		.word	1
 1223 0896 0100      		.word	1
 1224 0898 0100      		.word	1
 1225 089a 0100      		.word	1
 1226 089c 0100      		.word	1
 1227 089e 0100      		.word	1
 1228 08a0 0100      		.word	1
 1229 08a2 0100      		.word	1
 1230 08a4 0100      		.word	1
 1231 08a6 0100      		.word	1
 1232 08a8 0100      		.word	1
 1233 08aa 0100      		.word	1
 1234 08ac 0100      		.word	1
 1235 08ae 0100      		.word	1
 1236 08b0 0100      		.word	1
 1237 08b2 0100      		.word	1
 1238 08b4 0100      		.word	1
 1239 08b6 0100      		.word	1
 1240 08b8 0100      		.word	1
 1241 08ba 0100      		.word	1
 1242 08bc 0100      		.word	1
 1243 08be 0100      		.word	1
 1244 08c0 0100      		.word	1
 1245 08c2 0100      		.word	1
 1246 08c4 0100      		.word	1
 1247 08c6 0100      		.word	1
 1248 08c8 0100      		.word	1
 1249 08ca 0100      		.word	1
 1250 08cc 0100      		.word	1
 1251 08ce 0100      		.word	1
 1252 08d0 0100      		.word	1
 1253 08d2 0100      		.word	1
 1254 08d4 0100      		.word	1
 1255 08d6 0100      		.word	1
 1256 08d8 0100      		.word	1
 1257 08da 0100      		.word	1
 1258 08dc 0100      		.word	1
 1259 08de 0100      		.word	1
 1260 08e0 0100      		.word	1
 1261 08e2 0100      		.word	1
 1262 08e4 0100      		.word	1
 1263 08e6 0100      		.word	1
 1264 08e8 0100      		.word	1
 1265 08ea 0100      		.word	1
 1266 08ec 0100      		.word	1
 1267 08ee 0100      		.word	1
 1268 08f0 0100      		.word	1
 1269 08f2 0100      		.word	1
 1270 08f4 0100      		.word	1
 1271 08f6 0100      		.word	1
 1272 08f8 0100      		.word	1
 1273 08fa 0100      		.word	1
 1274 08fc 0100      		.word	1
 1275 08fe 0100      		.word	1
 1276 0900 0100      		.word	1
 1277 0902 0100      		.word	1
 1278 0904 0100      		.word	1
 1279 0906 0100      		.word	1
 1280 0908 0100      		.word	1
 1281 090a 0100      		.word	1
 1282 090c 0100      		.word	1
 1283 090e 0100      		.word	1
 1284 0910 0100      		.word	1
 1285 0912 0100      		.word	1
 1286 0914 0100      		.word	1
 1287 0916 0100      		.word	1
 1288 0918 0100      		.word	1
 1289 091a 0100      		.word	1
 1290 091c 0100      		.word	1
 1291 091e 0100      		.word	1
 1292 0920 0100      		.word	1
 1293 0922 0100      		.word	1
 1294 0924 0000      		.word	0
 1295 0926 0000      		.word	0
 1296 0928 0000      		.word	0
 1297 092a 0000      		.word	0
 1298 092c 0000      		.word	0
 1299 092e 0000      		.word	0
 1300 0930 0100      		.word	1
 1301 0932 0100      		.word	1
 1302 0934 0100      		.word	1
 1303 0936 0100      		.word	1
 1304 0938 0100      		.word	1
 1305 093a 0100      		.word	1
 1306 093c 0100      		.word	1
 1307 093e 0100      		.word	1
 1308 0940 0100      		.word	1
 1309 0942 0100      		.word	1
 1310 0944 0100      		.word	1
 1311 0946 0100      		.word	1
 1312 0948 0100      		.word	1
 1313 094a 0100      		.word	1
 1314 094c 0100      		.word	1
 1315 094e 0100      		.word	1
 1316 0950 0100      		.word	1
 1317 0952 0100      		.word	1
 1318 0954 0100      		.word	1
 1319 0956 0100      		.word	1
 1320 0958 0100      		.word	1
 1321 095a 0100      		.word	1
 1322 095c 0100      		.word	1
 1323 095e 0100      		.word	1
 1324 0960 0100      		.word	1
 1325 0962 0100      		.word	1
 1326 0964 0100      		.word	1
 1327 0966 0100      		.word	1
 1328 0968 0100      		.word	1
 1329 096a 0100      		.word	1
 1330 096c 0100      		.word	1
 1331 096e 0100      		.word	1
 1332 0970 0100      		.word	1
 1333 0972 0100      		.word	1
 1334 0974 0100      		.word	1
 1335 0976 0100      		.word	1
 1336 0978 0100      		.word	1
 1337 097a 0100      		.word	1
 1338 097c 0100      		.word	1
 1339 097e 0100      		.word	1
 1340 0980 0100      		.word	1
 1341 0982 0100      		.word	1
 1342 0984 0100      		.word	1
 1343 0986 0100      		.word	1
 1344 0988 0100      		.word	1
 1345 098a 0100      		.word	1
 1346 098c 0100      		.word	1
 1347 098e 0100      		.word	1
 1348 0990 0100      		.word	1
 1349 0992 0100      		.word	1
 1350 0994 0100      		.word	1
 1351 0996 0100      		.word	1
 1352 0998 0100      		.word	1
 1353 099a 0100      		.word	1
 1354 099c 0100      		.word	1
 1355 099e 0100      		.word	1
 1356 09a0 0100      		.word	1
 1357 09a2 0100      		.word	1
 1358 09a4 0100      		.word	1
 1359 09a6 0100      		.word	1
 1360 09a8 0100      		.word	1
 1361 09aa 0100      		.word	1
 1362 09ac 0100      		.word	1
 1363 09ae 0100      		.word	1
 1364 09b0 0100      		.word	1
 1365 09b2 0100      		.word	1
 1366 09b4 0100      		.word	1
 1367 09b6 0100      		.word	1
 1368 09b8 0100      		.word	1
 1369 09ba 0100      		.word	1
 1370 09bc 0100      		.word	1
 1371 09be 0100      		.word	1
 1372 09c0 0100      		.word	1
 1373 09c2 0100      		.word	1
 1374 09c4 0100      		.word	1
 1375 09c6 0100      		.word	1
 1376 09c8 0100      		.word	1
 1377 09ca 0100      		.word	1
 1378 09cc 0100      		.word	1
 1379 09ce 0100      		.word	1
 1380 09d0 0100      		.word	1
 1381 09d2 0100      		.word	1
 1382 09d4 0100      		.word	1
 1383 09d6 0100      		.word	1
 1384 09d8 0100      		.word	1
 1385 09da 0000      		.word	0
 1386 09dc 0000      		.word	0
 1387 09de 0000      		.word	0
 1388 09e0 0000      		.word	0
 1389 09e2 0000      		.word	0
 1390 09e4 0000      		.word	0
 1391 09e6 0100      		.word	1
 1392 09e8 0100      		.word	1
 1393 09ea 0100      		.word	1
 1394 09ec 0100      		.word	1
 1395 09ee 0100      		.word	1
 1396 09f0 0100      		.word	1
 1397 09f2 0100      		.word	1
 1398 09f4 0100      		.word	1
 1399 09f6 0100      		.word	1
 1400 09f8 0100      		.word	1
 1401 09fa 0100      		.word	1
 1402 09fc 0100      		.word	1
 1403 09fe 0100      		.word	1
 1404 0a00 0100      		.word	1
 1405 0a02 0100      		.word	1
 1406 0a04 0100      		.word	1
 1407 0a06 0100      		.word	1
 1408 0a08 0100      		.word	1
 1409 0a0a 0100      		.word	1
 1410 0a0c 0100      		.word	1
 1411 0a0e 0100      		.word	1
 1412 0a10 0100      		.word	1
 1413 0a12 0100      		.word	1
 1414 0a14 0100      		.word	1
 1415 0a16 0100      		.word	1
 1416 0a18 0100      		.word	1
 1417 0a1a 0100      		.word	1
 1418 0a1c 0100      		.word	1
 1419 0a1e 0100      		.word	1
 1420 0a20 0100      		.word	1
 1421 0a22 0100      		.word	1
 1422 0a24 0100      		.word	1
 1423 0a26 0100      		.word	1
 1424 0a28 0100      		.word	1
 1425 0a2a 0100      		.word	1
 1426 0a2c 0100      		.word	1
 1427 0a2e 0100      		.word	1
 1428 0a30 0100      		.word	1
 1429 0a32 0100      		.word	1
 1430 0a34 0100      		.word	1
 1431 0a36 0100      		.word	1
 1432 0a38 0100      		.word	1
 1433 0a3a 0100      		.word	1
 1434 0a3c 0100      		.word	1
 1435 0a3e 0100      		.word	1
 1436 0a40 0100      		.word	1
 1437 0a42 0100      		.word	1
 1438 0a44 0100      		.word	1
 1439 0a46 0100      		.word	1
 1440 0a48 0100      		.word	1
 1441 0a4a 0100      		.word	1
 1442 0a4c 0100      		.word	1
 1443 0a4e 0100      		.word	1
 1444 0a50 0100      		.word	1
 1445 0a52 0100      		.word	1
 1446 0a54 0100      		.word	1
 1447 0a56 0100      		.word	1
 1448 0a58 0100      		.word	1
 1449 0a5a 0100      		.word	1
 1450 0a5c 0100      		.word	1
 1451 0a5e 0100      		.word	1
 1452 0a60 0100      		.word	1
 1453 0a62 0100      		.word	1
 1454 0a64 0100      		.word	1
 1455 0a66 0100      		.word	1
 1456 0a68 0100      		.word	1
 1457 0a6a 0100      		.word	1
 1458 0a6c 0100      		.word	1
 1459 0a6e 0100      		.word	1
 1460 0a70 0100      		.word	1
 1461 0a72 0100      		.word	1
 1462 0a74 0100      		.word	1
 1463 0a76 0100      		.word	1
 1464 0a78 0100      		.word	1
 1465 0a7a 0100      		.word	1
 1466 0a7c 0100      		.word	1
 1467 0a7e 0100      		.word	1
 1468 0a80 0100      		.word	1
 1469 0a82 0100      		.word	1
 1470 0a84 0100      		.word	1
 1471 0a86 0100      		.word	1
 1472 0a88 0100      		.word	1
 1473 0a8a 0100      		.word	1
 1474 0a8c 0100      		.word	1
 1475 0a8e 0100      		.word	1
 1476 0a90 0000      		.word	0
 1477 0a92 0000      		.word	0
 1478 0a94 0000      		.word	0
 1479 0a96 0000      		.word	0
 1480 0a98 0000      		.word	0
 1481 0a9a 0000      		.word	0
 1482 0a9c 0100      		.word	1
 1483 0a9e 0100      		.word	1
 1484 0aa0 0100      		.word	1
 1485 0aa2 0100      		.word	1
 1486 0aa4 0100      		.word	1
 1487 0aa6 0100      		.word	1
 1488 0aa8 0100      		.word	1
 1489 0aaa 0100      		.word	1
 1490 0aac 0100      		.word	1
 1491 0aae 0100      		.word	1
 1492 0ab0 0100      		.word	1
 1493 0ab2 0100      		.word	1
 1494 0ab4 0100      		.word	1
 1495 0ab6 0100      		.word	1
 1496 0ab8 0100      		.word	1
 1497 0aba 0100      		.word	1
 1498 0abc 0100      		.word	1
 1499 0abe 0100      		.word	1
 1500 0ac0 0100      		.word	1
 1501 0ac2 0100      		.word	1
 1502 0ac4 0100      		.word	1
 1503 0ac6 0100      		.word	1
 1504 0ac8 0100      		.word	1
 1505 0aca 0100      		.word	1
 1506 0acc 0100      		.word	1
 1507 0ace 0100      		.word	1
 1508 0ad0 0100      		.word	1
 1509 0ad2 0100      		.word	1
 1510 0ad4 0100      		.word	1
 1511 0ad6 0100      		.word	1
 1512 0ad8 0100      		.word	1
 1513 0ada 0100      		.word	1
 1514 0adc 0100      		.word	1
 1515 0ade 0100      		.word	1
 1516 0ae0 0100      		.word	1
 1517 0ae2 0100      		.word	1
 1518 0ae4 0100      		.word	1
 1519 0ae6 0100      		.word	1
 1520 0ae8 0100      		.word	1
 1521 0aea 0100      		.word	1
 1522 0aec 0100      		.word	1
 1523 0aee 0100      		.word	1
 1524 0af0 0100      		.word	1
 1525 0af2 0100      		.word	1
 1526 0af4 0100      		.word	1
 1527 0af6 0100      		.word	1
 1528 0af8 0100      		.word	1
 1529 0afa 0100      		.word	1
 1530 0afc 0100      		.word	1
 1531 0afe 0100      		.word	1
 1532 0b00 0100      		.word	1
 1533 0b02 0100      		.word	1
 1534 0b04 0100      		.word	1
 1535 0b06 0100      		.word	1
 1536 0b08 0100      		.word	1
 1537 0b0a 0100      		.word	1
 1538 0b0c 0100      		.word	1
 1539 0b0e 0100      		.word	1
 1540 0b10 0100      		.word	1
 1541 0b12 0100      		.word	1
 1542 0b14 0100      		.word	1
 1543 0b16 0100      		.word	1
 1544 0b18 0100      		.word	1
 1545 0b1a 0100      		.word	1
 1546 0b1c 0100      		.word	1
 1547 0b1e 0100      		.word	1
 1548 0b20 0100      		.word	1
 1549 0b22 0100      		.word	1
 1550 0b24 0100      		.word	1
 1551 0b26 0100      		.word	1
 1552 0b28 0100      		.word	1
 1553 0b2a 0100      		.word	1
 1554 0b2c 0100      		.word	1
 1555 0b2e 0100      		.word	1
 1556 0b30 0100      		.word	1
 1557 0b32 0100      		.word	1
 1558 0b34 0100      		.word	1
 1559 0b36 0100      		.word	1
 1560 0b38 0100      		.word	1
 1561 0b3a 0100      		.word	1
 1562 0b3c 0100      		.word	1
 1563 0b3e 0100      		.word	1
 1564 0b40 0100      		.word	1
 1565 0b42 0100      		.word	1
 1566 0b44 0100      		.word	1
 1567 0b46 0000      		.word	0
 1568 0b48 0000      		.word	0
 1569 0b4a 0000      		.word	0
 1570 0b4c 0000      		.word	0
 1571 0b4e 0000      		.word	0
 1572 0b50 0000      		.word	0
 1573 0b52 0100      		.word	1
 1574 0b54 0100      		.word	1
 1575 0b56 0100      		.word	1
 1576 0b58 0100      		.word	1
 1577 0b5a 0100      		.word	1
 1578 0b5c 0100      		.word	1
 1579 0b5e 0100      		.word	1
 1580               		.text
 1581               	.Letext0:
 1582               		.file 2 "/usr/local/Cellar/avr-gcc@8/8.4.0/avr/include/stdint.h"
 1583               		.file 3 "/usr/local/Cellar/avr-gcc@8/8.4.0/lib/avr-gcc/8/gcc/avr/8.4.0/include/stddef.h"
 1584               		.file 4 "./tmk_core/common/keyboard.h"
 1585               		.file 5 "./tmk_core/common/action_macro.h"
 1586               		.file 6 "./tmk_core/common/action.h"
 1587               		.file 7 "./tmk_core/protocol/lufa/LUFA-git/LUFA/Drivers/USB/Core/AVR8/../StdRequestType.h"
 1588               		.file 8 "./tmk_core/protocol/lufa/LUFA-git/LUFA/Drivers/USB/Core/AVR8/../DeviceStandardReq.h"
 1589               		.file 9 "./tmk_core/protocol/lufa/LUFA-git/LUFA/Drivers/USB/Core/USBTask.h"
 1590               		.file 10 "./tmk_core/protocol/lufa/LUFA-git/LUFA/Drivers/USB/Core/HostStandardReq.h"
 1591               		.file 11 "/usr/local/Cellar/avr-gcc@8/8.4.0/avr/include/stdio.h"
 1592               		.file 12 "./tmk_core/common/report.h"
 1593               		.file 13 "./tmk_core/common/host.h"
 1594               		.file 14 "./tmk_core/common/debug.h"
 1595               		.file 15 "./quantum/keycode_config.h"
 1596               		.file 16 "./tmk_core/common/keycode.h"
 1597               		.file 17 "./quantum/quantum_keycodes.h"
 1598               		.file 18 "./quantum/keymap.h"
 1599               		.file 19 "./tmk_core/common/action_layer.h"
 1600               		.file 20 "./tmk_core/common/timer.h"
 1601               		.file 21 "./tmk_core/common/action_util.h"
 1602               		.file 22 "/usr/local/Cellar/avr-gcc@8/8.4.0/avr/include/stdlib.h"
DEFINED SYMBOLS
                            *ABS*:0000000000000000 keymap.c
/var/folders/mf/5466dhw562q7lyk542tgnwkc0000gn/T//ccEnOSEc.s:2      *ABS*:000000000000003e __SP_H__
/var/folders/mf/5466dhw562q7lyk542tgnwkc0000gn/T//ccEnOSEc.s:3      *ABS*:000000000000003d __SP_L__
/var/folders/mf/5466dhw562q7lyk542tgnwkc0000gn/T//ccEnOSEc.s:4      *ABS*:000000000000003f __SREG__
/var/folders/mf/5466dhw562q7lyk542tgnwkc0000gn/T//ccEnOSEc.s:5      *ABS*:0000000000000000 __tmp_reg__
/var/folders/mf/5466dhw562q7lyk542tgnwkc0000gn/T//ccEnOSEc.s:6      *ABS*:0000000000000001 __zero_reg__
/var/folders/mf/5466dhw562q7lyk542tgnwkc0000gn/T//ccEnOSEc.s:13     .text.action_get_macro:0000000000000000 action_get_macro
/var/folders/mf/5466dhw562q7lyk542tgnwkc0000gn/T//ccEnOSEc.s:40     .text.matrix_init_user:0000000000000000 matrix_init_user
/var/folders/mf/5466dhw562q7lyk542tgnwkc0000gn/T//ccEnOSEc.s:57     .text.matrix_scan_user:0000000000000000 matrix_scan_user
/var/folders/mf/5466dhw562q7lyk542tgnwkc0000gn/T//ccEnOSEc.s:72     .text.process_record_user:0000000000000000 process_record_user
/var/folders/mf/5466dhw562q7lyk542tgnwkc0000gn/T//ccEnOSEc.s:94     .text.led_set_user:0000000000000000 led_set_user
/var/folders/mf/5466dhw562q7lyk542tgnwkc0000gn/T//ccEnOSEc.s:123    .progmem.data.keymaps:0000000000000000 keymaps

NO UNDEFINED SYMBOLS
