   1               		.file	"keyboard.c"
   2               	__SP_H__ = 0x3e
   3               	__SP_L__ = 0x3d
   4               	__SREG__ = 0x3f
   5               	__tmp_reg__ = 0
   6               	__zero_reg__ = 1
   7               		.text
   8               	.Ltext0:
   9               		.cfi_sections	.debug_frame
  10               		.section	.text.matrix_setup,"ax",@progbits
  11               		.weak	matrix_setup
  13               	matrix_setup:
  14               	.LFB103:
  15               		.file 1 "./tmk_core/common/keyboard.c"
   1:./tmk_core/common/keyboard.c **** /*
   2:./tmk_core/common/keyboard.c **** Copyright 2011, 2012, 2013 Jun Wako <wakojun@gmail.com>
   3:./tmk_core/common/keyboard.c **** 
   4:./tmk_core/common/keyboard.c **** This program is free software: you can redistribute it and/or modify
   5:./tmk_core/common/keyboard.c **** it under the terms of the GNU General Public License as published by
   6:./tmk_core/common/keyboard.c **** the Free Software Foundation, either version 2 of the License, or
   7:./tmk_core/common/keyboard.c **** (at your option) any later version.
   8:./tmk_core/common/keyboard.c **** 
   9:./tmk_core/common/keyboard.c **** This program is distributed in the hope that it will be useful,
  10:./tmk_core/common/keyboard.c **** but WITHOUT ANY WARRANTY; without even the implied warranty of
  11:./tmk_core/common/keyboard.c **** MERCHANTABILITY or FITNESS FOR A PARTICULAR PURPOSE.  See the
  12:./tmk_core/common/keyboard.c **** GNU General Public License for more details.
  13:./tmk_core/common/keyboard.c **** 
  14:./tmk_core/common/keyboard.c **** You should have received a copy of the GNU General Public License
  15:./tmk_core/common/keyboard.c **** along with this program.  If not, see <http://www.gnu.org/licenses/>.
  16:./tmk_core/common/keyboard.c **** */
  17:./tmk_core/common/keyboard.c **** #include <stdint.h>
  18:./tmk_core/common/keyboard.c **** #include "keyboard.h"
  19:./tmk_core/common/keyboard.c **** #include "matrix.h"
  20:./tmk_core/common/keyboard.c **** #include "keymap.h"
  21:./tmk_core/common/keyboard.c **** #include "host.h"
  22:./tmk_core/common/keyboard.c **** #include "led.h"
  23:./tmk_core/common/keyboard.c **** #include "keycode.h"
  24:./tmk_core/common/keyboard.c **** #include "timer.h"
  25:./tmk_core/common/keyboard.c **** #include "print.h"
  26:./tmk_core/common/keyboard.c **** #include "debug.h"
  27:./tmk_core/common/keyboard.c **** #include "command.h"
  28:./tmk_core/common/keyboard.c **** #include "util.h"
  29:./tmk_core/common/keyboard.c **** #include "sendchar.h"
  30:./tmk_core/common/keyboard.c **** #include "eeconfig.h"
  31:./tmk_core/common/keyboard.c **** #include "backlight.h"
  32:./tmk_core/common/keyboard.c **** #include "action_layer.h"
  33:./tmk_core/common/keyboard.c **** #ifdef BOOTMAGIC_ENABLE
  34:./tmk_core/common/keyboard.c **** #   include "bootmagic.h"
  35:./tmk_core/common/keyboard.c **** #else
  36:./tmk_core/common/keyboard.c **** #   include "magic.h"
  37:./tmk_core/common/keyboard.c **** #endif
  38:./tmk_core/common/keyboard.c **** #ifdef MOUSEKEY_ENABLE
  39:./tmk_core/common/keyboard.c **** #   include "mousekey.h"
  40:./tmk_core/common/keyboard.c **** #endif
  41:./tmk_core/common/keyboard.c **** #ifdef PS2_MOUSE_ENABLE
  42:./tmk_core/common/keyboard.c **** #   include "ps2_mouse.h"
  43:./tmk_core/common/keyboard.c **** #endif
  44:./tmk_core/common/keyboard.c **** #ifdef SERIAL_MOUSE_ENABLE
  45:./tmk_core/common/keyboard.c **** #   include "serial_mouse.h"
  46:./tmk_core/common/keyboard.c **** #endif
  47:./tmk_core/common/keyboard.c **** #ifdef ADB_MOUSE_ENABLE
  48:./tmk_core/common/keyboard.c **** #   include "adb.h"
  49:./tmk_core/common/keyboard.c **** #endif
  50:./tmk_core/common/keyboard.c **** #ifdef RGBLIGHT_ENABLE
  51:./tmk_core/common/keyboard.c **** #   include "rgblight.h"
  52:./tmk_core/common/keyboard.c **** #endif
  53:./tmk_core/common/keyboard.c **** #ifdef SERIAL_LINK_ENABLE
  54:./tmk_core/common/keyboard.c **** #   include "serial_link/system/serial_link.h"
  55:./tmk_core/common/keyboard.c **** #endif
  56:./tmk_core/common/keyboard.c **** #ifdef VISUALIZER_ENABLE
  57:./tmk_core/common/keyboard.c **** #   include "visualizer/visualizer.h"
  58:./tmk_core/common/keyboard.c **** #endif
  59:./tmk_core/common/keyboard.c **** 
  60:./tmk_core/common/keyboard.c **** 
  61:./tmk_core/common/keyboard.c **** 
  62:./tmk_core/common/keyboard.c **** #ifdef MATRIX_HAS_GHOST
  63:./tmk_core/common/keyboard.c **** static bool has_ghost_in_row(uint8_t row)
  64:./tmk_core/common/keyboard.c **** {
  65:./tmk_core/common/keyboard.c ****     matrix_row_t matrix_row = matrix_get_row(row);
  66:./tmk_core/common/keyboard.c ****     // No ghost exists when less than 2 keys are down on the row
  67:./tmk_core/common/keyboard.c ****     if (((matrix_row - 1) & matrix_row) == 0)
  68:./tmk_core/common/keyboard.c ****         return false;
  69:./tmk_core/common/keyboard.c **** 
  70:./tmk_core/common/keyboard.c ****     // Ghost occurs when the row shares column line with other row
  71:./tmk_core/common/keyboard.c ****     for (uint8_t i=0; i < MATRIX_ROWS; i++) {
  72:./tmk_core/common/keyboard.c ****         if (i != row && (matrix_get_row(i) & matrix_row))
  73:./tmk_core/common/keyboard.c ****             return true;
  74:./tmk_core/common/keyboard.c ****     }
  75:./tmk_core/common/keyboard.c ****     return false;
  76:./tmk_core/common/keyboard.c **** }
  77:./tmk_core/common/keyboard.c **** #endif
  78:./tmk_core/common/keyboard.c **** 
  79:./tmk_core/common/keyboard.c **** __attribute__ ((weak))
  80:./tmk_core/common/keyboard.c **** void matrix_setup(void) {
  16               		.loc 1 80 25 view -0
  17               		.cfi_startproc
  18               	/* prologue: function */
  19               	/* frame size = 0 */
  20               	/* stack size = 0 */
  21               	.L__stack_usage = 0
  81:./tmk_core/common/keyboard.c **** }
  22               		.loc 1 81 1 view .LVU1
  23               	/* epilogue start */
  24 0000 0895      		ret
  25               		.cfi_endproc
  26               	.LFE103:
  28               		.section	.text.keyboard_setup,"ax",@progbits
  29               	.global	keyboard_setup
  31               	keyboard_setup:
  32               	.LFB104:
  82:./tmk_core/common/keyboard.c **** 
  83:./tmk_core/common/keyboard.c **** void keyboard_setup(void) {
  33               		.loc 1 83 27 view -0
  34               		.cfi_startproc
  35               	/* prologue: function */
  36               	/* frame size = 0 */
  37               	/* stack size = 0 */
  38               	.L__stack_usage = 0
  84:./tmk_core/common/keyboard.c ****     matrix_setup();
  39               		.loc 1 84 5 view .LVU3
  40 0000 0C94 0000 		jmp matrix_setup
  41               	.LVL0:
  42               		.cfi_endproc
  43               	.LFE104:
  45               		.section	.text.keyboard_init,"ax",@progbits
  46               	.global	keyboard_init
  48               	keyboard_init:
  49               	.LFB105:
  85:./tmk_core/common/keyboard.c **** }
  86:./tmk_core/common/keyboard.c **** 
  87:./tmk_core/common/keyboard.c **** void keyboard_init(void) {
  50               		.loc 1 87 26 view -0
  51               		.cfi_startproc
  52               	/* prologue: function */
  53               	/* frame size = 0 */
  54               	/* stack size = 0 */
  55               	.L__stack_usage = 0
  88:./tmk_core/common/keyboard.c ****     timer_init();
  56               		.loc 1 88 5 view .LVU5
  57 0000 0E94 0000 		call timer_init
  58               	.LVL1:
  89:./tmk_core/common/keyboard.c ****     matrix_init();
  59               		.loc 1 89 5 view .LVU6
  60 0004 0E94 0000 		call matrix_init
  61               	.LVL2:
  90:./tmk_core/common/keyboard.c **** #ifdef PS2_MOUSE_ENABLE
  91:./tmk_core/common/keyboard.c ****     ps2_mouse_init();
  92:./tmk_core/common/keyboard.c **** #endif
  93:./tmk_core/common/keyboard.c **** #ifdef SERIAL_MOUSE_ENABLE
  94:./tmk_core/common/keyboard.c ****     serial_mouse_init();
  95:./tmk_core/common/keyboard.c **** #endif
  96:./tmk_core/common/keyboard.c **** #ifdef ADB_MOUSE_ENABLE
  97:./tmk_core/common/keyboard.c ****     adb_mouse_init();
  98:./tmk_core/common/keyboard.c **** #endif
  99:./tmk_core/common/keyboard.c **** #ifdef BOOTMAGIC_ENABLE
 100:./tmk_core/common/keyboard.c ****     bootmagic();
  62               		.loc 1 100 5 view .LVU7
  63 0008 0C94 0000 		jmp bootmagic
  64               	.LVL3:
  65               		.cfi_endproc
  66               	.LFE105:
  68               		.section	.text.keyboard_task,"ax",@progbits
  69               	.global	keyboard_task
  71               	keyboard_task:
  72               	.LFB106:
 101:./tmk_core/common/keyboard.c **** #else
 102:./tmk_core/common/keyboard.c ****     magic();
 103:./tmk_core/common/keyboard.c **** #endif
 104:./tmk_core/common/keyboard.c **** #ifdef BACKLIGHT_ENABLE
 105:./tmk_core/common/keyboard.c ****     backlight_init();
 106:./tmk_core/common/keyboard.c **** #endif
 107:./tmk_core/common/keyboard.c **** #ifdef RGBLIGHT_ENABLE
 108:./tmk_core/common/keyboard.c ****     rgblight_init();
 109:./tmk_core/common/keyboard.c **** #endif
 110:./tmk_core/common/keyboard.c **** #if defined(NKRO_ENABLE) && defined(FORCE_NKRO)
 111:./tmk_core/common/keyboard.c ****     keymap_config.nkro = 1;
 112:./tmk_core/common/keyboard.c **** #endif
 113:./tmk_core/common/keyboard.c **** }
 114:./tmk_core/common/keyboard.c **** 
 115:./tmk_core/common/keyboard.c **** /*
 116:./tmk_core/common/keyboard.c ****  * Do keyboard routine jobs: scan mantrix, light LEDs, ...
 117:./tmk_core/common/keyboard.c ****  * This is repeatedly called as fast as possible.
 118:./tmk_core/common/keyboard.c ****  */
 119:./tmk_core/common/keyboard.c **** void keyboard_task(void)
 120:./tmk_core/common/keyboard.c **** {
  73               		.loc 1 120 1 view -0
  74               		.cfi_startproc
  75 0000 7F92      		push r7
  76               	.LCFI0:
  77               		.cfi_def_cfa_offset 3
  78               		.cfi_offset 7, -2
  79 0002 8F92      		push r8
  80               	.LCFI1:
  81               		.cfi_def_cfa_offset 4
  82               		.cfi_offset 8, -3
  83 0004 9F92      		push r9
  84               	.LCFI2:
  85               		.cfi_def_cfa_offset 5
  86               		.cfi_offset 9, -4
  87 0006 AF92      		push r10
  88               	.LCFI3:
  89               		.cfi_def_cfa_offset 6
  90               		.cfi_offset 10, -5
  91 0008 BF92      		push r11
  92               	.LCFI4:
  93               		.cfi_def_cfa_offset 7
  94               		.cfi_offset 11, -6
  95 000a CF92      		push r12
  96               	.LCFI5:
  97               		.cfi_def_cfa_offset 8
  98               		.cfi_offset 12, -7
  99 000c DF92      		push r13
 100               	.LCFI6:
 101               		.cfi_def_cfa_offset 9
 102               		.cfi_offset 13, -8
 103 000e EF92      		push r14
 104               	.LCFI7:
 105               		.cfi_def_cfa_offset 10
 106               		.cfi_offset 14, -9
 107 0010 FF92      		push r15
 108               	.LCFI8:
 109               		.cfi_def_cfa_offset 11
 110               		.cfi_offset 15, -10
 111 0012 0F93      		push r16
 112               	.LCFI9:
 113               		.cfi_def_cfa_offset 12
 114               		.cfi_offset 16, -11
 115 0014 1F93      		push r17
 116               	.LCFI10:
 117               		.cfi_def_cfa_offset 13
 118               		.cfi_offset 17, -12
 119 0016 CF93      		push r28
 120               	.LCFI11:
 121               		.cfi_def_cfa_offset 14
 122               		.cfi_offset 28, -13
 123 0018 DF93      		push r29
 124               	.LCFI12:
 125               		.cfi_def_cfa_offset 15
 126               		.cfi_offset 29, -14
 127 001a CDB7      		in r28,__SP_L__
 128 001c DEB7      		in r29,__SP_H__
 129               	.LCFI13:
 130               		.cfi_def_cfa_register 28
 131 001e 2A97      		sbiw r28,10
 132               	.LCFI14:
 133               		.cfi_def_cfa_offset 25
 134 0020 0FB6      		in __tmp_reg__,__SREG__
 135 0022 F894      		cli
 136 0024 DEBF      		out __SP_H__,r29
 137 0026 0FBE      		out __SREG__,__tmp_reg__
 138 0028 CDBF      		out __SP_L__,r28
 139               	/* prologue: function */
 140               	/* frame size = 10 */
 141               	/* stack size = 23 */
 142               	.L__stack_usage = 23
 121:./tmk_core/common/keyboard.c ****     static matrix_row_t matrix_prev[MATRIX_ROWS];
 143               		.loc 1 121 5 view .LVU9
 122:./tmk_core/common/keyboard.c **** #ifdef MATRIX_HAS_GHOST
 123:./tmk_core/common/keyboard.c ****     static matrix_row_t matrix_ghost[MATRIX_ROWS];
 124:./tmk_core/common/keyboard.c **** #endif
 125:./tmk_core/common/keyboard.c ****     static uint8_t led_status = 0;
 144               		.loc 1 125 5 view .LVU10
 126:./tmk_core/common/keyboard.c ****     matrix_row_t matrix_row = 0;
 145               		.loc 1 126 5 view .LVU11
 146               	.LVL4:
 127:./tmk_core/common/keyboard.c ****     matrix_row_t matrix_change = 0;
 147               		.loc 1 127 5 view .LVU12
 128:./tmk_core/common/keyboard.c **** 
 129:./tmk_core/common/keyboard.c ****     matrix_scan();
 148               		.loc 1 129 5 view .LVU13
 149 002a 0E94 0000 		call matrix_scan
 150               	.LVL5:
 130:./tmk_core/common/keyboard.c ****     for (uint8_t r = 0; r < MATRIX_ROWS; r++) {
 151               		.loc 1 130 5 view .LVU14
 152               	.LBB6:
 153               		.loc 1 130 10 view .LVU15
 154               		.loc 1 130 25 view .LVU16
 155 002e 90E0      		ldi r25,lo8(matrix_prev.5007)
 156 0030 A92E      		mov r10,r25
 157 0032 90E0      		ldi r25,hi8(matrix_prev.5007)
 158 0034 B92E      		mov r11,r25
 159               	.LBE6:
 129:./tmk_core/common/keyboard.c ****     for (uint8_t r = 0; r < MATRIX_ROWS; r++) {
 160               		.loc 1 129 5 is_stmt 0 view .LVU17
 161 0036 10E0      		ldi r17,0
 162 0038 00E0      		ldi r16,0
 163               	.LBB11:
 164               	.LBB7:
 131:./tmk_core/common/keyboard.c ****         matrix_row = matrix_get_row(r);
 132:./tmk_core/common/keyboard.c ****         matrix_change = matrix_row ^ matrix_prev[r];
 133:./tmk_core/common/keyboard.c ****         if (matrix_change) {
 134:./tmk_core/common/keyboard.c **** #ifdef MATRIX_HAS_GHOST
 135:./tmk_core/common/keyboard.c ****             if (has_ghost_in_row(r)) {
 136:./tmk_core/common/keyboard.c ****                 /* Keep track of whether ghosted status has changed for
 137:./tmk_core/common/keyboard.c ****                  * debugging. But don't update matrix_prev until un-ghosted, or
 138:./tmk_core/common/keyboard.c ****                  * the last key would be lost.
 139:./tmk_core/common/keyboard.c ****                  */
 140:./tmk_core/common/keyboard.c ****                 if (debug_matrix && matrix_ghost[r] != matrix_row) {
 141:./tmk_core/common/keyboard.c ****                     matrix_print();
 142:./tmk_core/common/keyboard.c ****                 }
 143:./tmk_core/common/keyboard.c ****                 matrix_ghost[r] = matrix_row;
 144:./tmk_core/common/keyboard.c ****                 continue;
 145:./tmk_core/common/keyboard.c ****             }
 146:./tmk_core/common/keyboard.c ****             matrix_ghost[r] = matrix_row;
 147:./tmk_core/common/keyboard.c **** #endif
 148:./tmk_core/common/keyboard.c ****             if (debug_matrix) matrix_print();
 149:./tmk_core/common/keyboard.c ****             for (uint8_t c = 0; c < MATRIX_COLS; c++) {
 150:./tmk_core/common/keyboard.c ****                 if (matrix_change & ((matrix_row_t)1<<c)) {
 165               		.loc 1 150 53 view .LVU18
 166 003a 8824      		clr r8
 167 003c 8394      		inc r8
 168 003e 912C      		mov r9,__zero_reg__
 169               	.LVL6:
 170               	.L11:
 171               		.loc 1 150 53 view .LVU19
 172 0040 702E      		mov r7,r16
 173               	.LVL7:
 174               		.loc 1 150 53 view .LVU20
 175               	.LBE7:
 131:./tmk_core/common/keyboard.c ****         matrix_row = matrix_get_row(r);
 176               		.loc 1 131 9 is_stmt 1 view .LVU21
 131:./tmk_core/common/keyboard.c ****         matrix_row = matrix_get_row(r);
 177               		.loc 1 131 22 is_stmt 0 view .LVU22
 178 0042 802F      		mov r24,r16
 179 0044 0E94 0000 		call matrix_get_row
 180               	.LVL8:
 181 0048 7C01      		movw r14,r24
 182               	.LVL9:
 132:./tmk_core/common/keyboard.c ****         if (matrix_change) {
 183               		.loc 1 132 9 is_stmt 1 view .LVU23
 132:./tmk_core/common/keyboard.c ****         if (matrix_change) {
 184               		.loc 1 132 49 is_stmt 0 view .LVU24
 185 004a F501      		movw r30,r10
 186 004c C190      		ld r12,Z+
 187 004e D190      		ld r13,Z+
 188 0050 5F01      		movw r10,r30
 189               	.LVL10:
 133:./tmk_core/common/keyboard.c **** #ifdef MATRIX_HAS_GHOST
 190               		.loc 1 133 9 is_stmt 1 view .LVU25
 133:./tmk_core/common/keyboard.c **** #ifdef MATRIX_HAS_GHOST
 191               		.loc 1 133 12 is_stmt 0 view .LVU26
 192 0052 C816      		cp r12,r24
 193 0054 D906      		cpc r13,r25
 194 0056 01F4      		brne .+2
 195 0058 00C0      		rjmp .L5
 148:./tmk_core/common/keyboard.c ****             for (uint8_t c = 0; c < MATRIX_COLS; c++) {
 196               		.loc 1 148 13 is_stmt 1 view .LVU27
 148:./tmk_core/common/keyboard.c ****             for (uint8_t c = 0; c < MATRIX_COLS; c++) {
 197               		.loc 1 148 17 is_stmt 0 view .LVU28
 198 005a 8091 0000 		lds r24,debug_config
 148:./tmk_core/common/keyboard.c ****             for (uint8_t c = 0; c < MATRIX_COLS; c++) {
 199               		.loc 1 148 16 view .LVU29
 200 005e 81FD      		sbrc r24,1
 148:./tmk_core/common/keyboard.c ****             for (uint8_t c = 0; c < MATRIX_COLS; c++) {
 201               		.loc 1 148 31 is_stmt 1 discriminator 1 view .LVU30
 202 0060 0E94 0000 		call matrix_print
 203               	.LVL11:
 204               	.L6:
 132:./tmk_core/common/keyboard.c ****         if (matrix_change) {
 205               		.loc 1 132 23 is_stmt 0 view .LVU31
 206 0064 9601      		movw r18,r12
 207 0066 2E25      		eor r18,r14
 208 0068 3F25      		eor r19,r15
 149:./tmk_core/common/keyboard.c ****                 if (matrix_change & ((matrix_row_t)1<<c)) {
 209               		.loc 1 149 13 is_stmt 1 view .LVU32
 210               	.LBB8:
 149:./tmk_core/common/keyboard.c ****                 if (matrix_change & ((matrix_row_t)1<<c)) {
 211               		.loc 1 149 18 view .LVU33
 212               	.LVL12:
 149:./tmk_core/common/keyboard.c ****                 if (matrix_change & ((matrix_row_t)1<<c)) {
 213               		.loc 1 149 33 view .LVU34
 214               	.LBE8:
 132:./tmk_core/common/keyboard.c ****         if (matrix_change) {
 215               		.loc 1 132 23 is_stmt 0 view .LVU35
 216 006a 90E0      		ldi r25,0
 217 006c 80E0      		ldi r24,0
 218               	.LVL13:
 219               	.L10:
 220               	.LBB9:
 221               		.loc 1 150 17 is_stmt 1 view .LVU36
 222               		.loc 1 150 53 is_stmt 0 view .LVU37
 223 006e 6401      		movw r12,r8
 224 0070 082E      		mov r0,r24
 225 0072 00C0      		rjmp 2f
 226               		1:
 227 0074 CC0C      		lsl r12
 228 0076 DD1C      		rol r13
 229               		2:
 230 0078 0A94      		dec r0
 231 007a 02F4      		brpl 1b
 232               		.loc 1 150 35 view .LVU38
 233 007c A601      		movw r20,r12
 234 007e 4223      		and r20,r18
 235 0080 5323      		and r21,r19
 236               		.loc 1 150 20 view .LVU39
 237 0082 452B      		or r20,r21
 238 0084 01F4      		brne .+2
 239 0086 00C0      		rjmp .L7
 151:./tmk_core/common/keyboard.c ****                     action_exec((keyevent_t){
 240               		.loc 1 151 21 is_stmt 1 view .LVU40
 241               		.loc 1 151 45 is_stmt 0 view .LVU41
 242 0088 8E83      		std Y+6,r24
 243 008a 7F82      		std Y+7,r7
 152:./tmk_core/common/keyboard.c ****                         .key = (keypos_t){ .row = r, .col = c },
 153:./tmk_core/common/keyboard.c ****                         .pressed = (matrix_row & ((matrix_row_t)1<<c)),
 244               		.loc 1 153 48 view .LVU42
 245 008c EC20      		and r14,r12
 246               	.LVL14:
 247               		.loc 1 153 48 view .LVU43
 248 008e FD20      		and r15,r13
 249 0090 81E0      		ldi r24,lo8(1)
 250               	.LVL15:
 251               		.loc 1 153 48 view .LVU44
 252 0092 EF28      		or r14,r15
 253 0094 01F4      		brne .L8
 254 0096 80E0      		ldi r24,0
 255               	.L8:
 151:./tmk_core/common/keyboard.c ****                     action_exec((keyevent_t){
 256               		.loc 1 151 45 view .LVU45
 257 0098 8887      		std Y+8,r24
 154:./tmk_core/common/keyboard.c ****                         .time = (timer_read() | 1) /* time should not be 0 */
 258               		.loc 1 154 34 view .LVU46
 259 009a 0E94 0000 		call timer_read
 260               	.LVL16:
 261               		.loc 1 154 47 view .LVU47
 262 009e 8160      		ori r24,1
 151:./tmk_core/common/keyboard.c ****                     action_exec((keyevent_t){
 263               		.loc 1 151 45 view .LVU48
 264 00a0 782F      		mov r23,r24
 265 00a2 9A87      		std Y+10,r25
 266 00a4 8987      		std Y+9,r24
 151:./tmk_core/common/keyboard.c ****                     action_exec((keyevent_t){
 267               		.loc 1 151 21 view .LVU49
 268 00a6 4E81      		ldd r20,Y+6
 269 00a8 5F81      		ldd r21,Y+7
 270 00aa 6885      		ldd r22,Y+8
 271 00ac 8A85      		ldd r24,Y+10
 272 00ae 0E94 0000 		call action_exec
 273               	.LVL17:
 155:./tmk_core/common/keyboard.c ****                     });
 156:./tmk_core/common/keyboard.c ****                     // record a processed key
 157:./tmk_core/common/keyboard.c ****                     matrix_prev[r] ^= ((matrix_row_t)1<<c);
 274               		.loc 1 157 21 is_stmt 1 view .LVU50
 275               		.loc 1 157 36 is_stmt 0 view .LVU51
 276 00b2 000F      		lsl r16
 277 00b4 111F      		rol r17
 278               	.LVL18:
 279               		.loc 1 157 36 view .LVU52
 280 00b6 F801      		movw r30,r16
 281 00b8 E050      		subi r30,lo8(-(matrix_prev.5007))
 282 00ba F040      		sbci r31,hi8(-(matrix_prev.5007))
 283 00bc 8081      		ld r24,Z
 284 00be 9181      		ldd r25,Z+1
 285 00c0 C826      		eor r12,r24
 286 00c2 D926      		eor r13,r25
 287 00c4 D182      		std Z+1,r13
 288 00c6 C082      		st Z,r12
 158:./tmk_core/common/keyboard.c ****                     // process a key per task call
 159:./tmk_core/common/keyboard.c ****                     goto MATRIX_LOOP_END;
 289               		.loc 1 159 21 is_stmt 1 view .LVU53
 290               	.L9:
 291               		.loc 1 159 21 is_stmt 0 view .LVU54
 292               	.LBE9:
 293               	.LBE11:
 160:./tmk_core/common/keyboard.c ****                 }
 161:./tmk_core/common/keyboard.c ****             }
 162:./tmk_core/common/keyboard.c ****         }
 163:./tmk_core/common/keyboard.c ****     }
 164:./tmk_core/common/keyboard.c ****     // call with pseudo tick event when no real key event.
 165:./tmk_core/common/keyboard.c ****     action_exec(TICK);
 166:./tmk_core/common/keyboard.c **** 
 167:./tmk_core/common/keyboard.c **** MATRIX_LOOP_END:
 168:./tmk_core/common/keyboard.c **** 
 169:./tmk_core/common/keyboard.c **** #ifdef MOUSEKEY_ENABLE
 170:./tmk_core/common/keyboard.c ****     // mousekey repeat & acceleration
 171:./tmk_core/common/keyboard.c ****     mousekey_task();
 294               		.loc 1 171 5 is_stmt 1 view .LVU55
 295 00c8 0E94 0000 		call mousekey_task
 296               	.LVL19:
 172:./tmk_core/common/keyboard.c **** #endif
 173:./tmk_core/common/keyboard.c **** 
 174:./tmk_core/common/keyboard.c **** #ifdef PS2_MOUSE_ENABLE
 175:./tmk_core/common/keyboard.c ****     ps2_mouse_task();
 176:./tmk_core/common/keyboard.c **** #endif
 177:./tmk_core/common/keyboard.c **** 
 178:./tmk_core/common/keyboard.c **** #ifdef SERIAL_MOUSE_ENABLE
 179:./tmk_core/common/keyboard.c ****     serial_mouse_task();
 180:./tmk_core/common/keyboard.c **** #endif
 181:./tmk_core/common/keyboard.c **** 
 182:./tmk_core/common/keyboard.c **** #ifdef ADB_MOUSE_ENABLE
 183:./tmk_core/common/keyboard.c ****     adb_mouse_task();
 184:./tmk_core/common/keyboard.c **** #endif
 185:./tmk_core/common/keyboard.c **** 
 186:./tmk_core/common/keyboard.c **** #ifdef SERIAL_LINK_ENABLE
 187:./tmk_core/common/keyboard.c **** 	serial_link_update();
 188:./tmk_core/common/keyboard.c **** #endif
 189:./tmk_core/common/keyboard.c **** 
 190:./tmk_core/common/keyboard.c **** #ifdef VISUALIZER_ENABLE
 191:./tmk_core/common/keyboard.c ****     visualizer_update(default_layer_state, layer_state, host_keyboard_leds());
 192:./tmk_core/common/keyboard.c **** #endif
 193:./tmk_core/common/keyboard.c **** 
 194:./tmk_core/common/keyboard.c ****     // update LED
 195:./tmk_core/common/keyboard.c ****     if (led_status != host_keyboard_leds()) {
 297               		.loc 1 195 5 view .LVU56
 298               		.loc 1 195 23 is_stmt 0 view .LVU57
 299 00cc 0E94 0000 		call host_keyboard_leds
 300               	.LVL20:
 301               		.loc 1 195 8 view .LVU58
 302 00d0 9091 0000 		lds r25,led_status.5008
 303 00d4 8917      		cp r24,r25
 304 00d6 01F0      		breq .L4
 196:./tmk_core/common/keyboard.c ****         led_status = host_keyboard_leds();
 305               		.loc 1 196 9 is_stmt 1 view .LVU59
 306               		.loc 1 196 22 is_stmt 0 view .LVU60
 307 00d8 0E94 0000 		call host_keyboard_leds
 308               	.LVL21:
 309               		.loc 1 196 20 view .LVU61
 310 00dc 8093 0000 		sts led_status.5008,r24
 197:./tmk_core/common/keyboard.c ****         keyboard_set_leds(led_status);
 311               		.loc 1 197 9 is_stmt 1 view .LVU62
 312               	.LVL22:
 313               	.LBB12:
 314               	.LBI12:
 198:./tmk_core/common/keyboard.c ****     }
 199:./tmk_core/common/keyboard.c **** }
 200:./tmk_core/common/keyboard.c **** 
 201:./tmk_core/common/keyboard.c **** void keyboard_set_leds(uint8_t leds)
 315               		.loc 1 201 6 view .LVU63
 316               	.LBB13:
 202:./tmk_core/common/keyboard.c **** {
 203:./tmk_core/common/keyboard.c ****     if (debug_keyboard) { debug("keyboard_set_led: "); debug_hex8(leds); debug("\n"); }
 317               		.loc 1 203 5 view .LVU64
 318               		.loc 1 203 54 view .LVU65
 319               		.loc 1 203 72 view .LVU66
 320               		.loc 1 203 85 view .LVU67
 204:./tmk_core/common/keyboard.c ****     led_set(leds);
 321               		.loc 1 204 5 view .LVU68
 322               	/* epilogue start */
 323               	.LBE13:
 324               	.LBE12:
 199:./tmk_core/common/keyboard.c **** 
 325               		.loc 1 199 1 is_stmt 0 view .LVU69
 326 00e0 2A96      		adiw r28,10
 327 00e2 0FB6      		in __tmp_reg__,__SREG__
 328 00e4 F894      		cli
 329 00e6 DEBF      		out __SP_H__,r29
 330 00e8 0FBE      		out __SREG__,__tmp_reg__
 331 00ea CDBF      		out __SP_L__,r28
 332 00ec DF91      		pop r29
 333 00ee CF91      		pop r28
 334 00f0 1F91      		pop r17
 335 00f2 0F91      		pop r16
 336 00f4 FF90      		pop r15
 337 00f6 EF90      		pop r14
 338 00f8 DF90      		pop r13
 339 00fa CF90      		pop r12
 340 00fc BF90      		pop r11
 341 00fe AF90      		pop r10
 342 0100 9F90      		pop r9
 343 0102 8F90      		pop r8
 344 0104 7F90      		pop r7
 345               	.LBB15:
 346               	.LBB14:
 347               		.loc 1 204 5 view .LVU70
 348 0106 0C94 0000 		jmp led_set
 349               	.LVL23:
 350               	.L7:
 351               		.loc 1 204 5 view .LVU71
 352               	.LBE14:
 353               	.LBE15:
 354               	.LBB16:
 355               	.LBB10:
 149:./tmk_core/common/keyboard.c ****                 if (matrix_change & ((matrix_row_t)1<<c)) {
 356               		.loc 1 149 50 is_stmt 1 discriminator 2 view .LVU72
 149:./tmk_core/common/keyboard.c ****                 if (matrix_change & ((matrix_row_t)1<<c)) {
 357               		.loc 1 149 33 discriminator 2 view .LVU73
 358 010a 0196      		adiw r24,1
 359               	.LVL24:
 149:./tmk_core/common/keyboard.c ****                 if (matrix_change & ((matrix_row_t)1<<c)) {
 360               		.loc 1 149 13 is_stmt 0 discriminator 2 view .LVU74
 361 010c 8D30      		cpi r24,13
 362 010e 9105      		cpc r25,__zero_reg__
 363 0110 01F0      		breq .+2
 364 0112 00C0      		rjmp .L10
 365               	.LVL25:
 366               	.L5:
 149:./tmk_core/common/keyboard.c ****                 if (matrix_change & ((matrix_row_t)1<<c)) {
 367               		.loc 1 149 13 discriminator 2 view .LVU75
 368               	.LBE10:
 130:./tmk_core/common/keyboard.c ****         matrix_row = matrix_get_row(r);
 369               		.loc 1 130 42 is_stmt 1 view .LVU76
 130:./tmk_core/common/keyboard.c ****         matrix_row = matrix_get_row(r);
 370               		.loc 1 130 25 view .LVU77
 371 0114 0F5F      		subi r16,-1
 372 0116 1F4F      		sbci r17,-1
 373               	.LVL26:
 130:./tmk_core/common/keyboard.c ****         matrix_row = matrix_get_row(r);
 374               		.loc 1 130 5 is_stmt 0 view .LVU78
 375 0118 0730      		cpi r16,7
 376 011a 1105      		cpc r17,__zero_reg__
 377 011c 01F0      		breq .+2
 378 011e 00C0      		rjmp .L11
 379               	.LBE16:
 165:./tmk_core/common/keyboard.c **** 
 380               		.loc 1 165 5 is_stmt 1 view .LVU79
 165:./tmk_core/common/keyboard.c **** 
 381               		.loc 1 165 17 is_stmt 0 view .LVU80
 382 0120 8FEF      		ldi r24,lo8(-1)
 383 0122 8983      		std Y+1,r24
 384 0124 8A83      		std Y+2,r24
 385 0126 1B82      		std Y+3,__zero_reg__
 386 0128 0E94 0000 		call timer_read
 387               	.LVL27:
 388 012c 8160      		ori r24,1
 389 012e 782F      		mov r23,r24
 390 0130 9D83      		std Y+5,r25
 391 0132 8C83      		std Y+4,r24
 165:./tmk_core/common/keyboard.c **** 
 392               		.loc 1 165 5 view .LVU81
 393 0134 4981      		ldd r20,Y+1
 394 0136 5A81      		ldd r21,Y+2
 395 0138 6B81      		ldd r22,Y+3
 396 013a 8D81      		ldd r24,Y+5
 397 013c 0E94 0000 		call action_exec
 398               	.LVL28:
 399 0140 00C0      		rjmp .L9
 400               	.LVL29:
 401               	.L4:
 402               	/* epilogue start */
 199:./tmk_core/common/keyboard.c **** 
 403               		.loc 1 199 1 view .LVU82
 404 0142 2A96      		adiw r28,10
 405 0144 0FB6      		in __tmp_reg__,__SREG__
 406 0146 F894      		cli
 407 0148 DEBF      		out __SP_H__,r29
 408 014a 0FBE      		out __SREG__,__tmp_reg__
 409 014c CDBF      		out __SP_L__,r28
 410 014e DF91      		pop r29
 411 0150 CF91      		pop r28
 412 0152 1F91      		pop r17
 413 0154 0F91      		pop r16
 414 0156 FF90      		pop r15
 415 0158 EF90      		pop r14
 416 015a DF90      		pop r13
 417 015c CF90      		pop r12
 418 015e BF90      		pop r11
 419 0160 AF90      		pop r10
 420 0162 9F90      		pop r9
 421 0164 8F90      		pop r8
 422 0166 7F90      		pop r7
 423 0168 0895      		ret
 424               		.cfi_endproc
 425               	.LFE106:
 427               		.section	.text.keyboard_set_leds,"ax",@progbits
 428               	.global	keyboard_set_leds
 430               	keyboard_set_leds:
 431               	.LVL30:
 432               	.LFB107:
 202:./tmk_core/common/keyboard.c ****     if (debug_keyboard) { debug("keyboard_set_led: "); debug_hex8(leds); debug("\n"); }
 433               		.loc 1 202 1 is_stmt 1 view -0
 434               		.cfi_startproc
 435               	/* prologue: function */
 436               	/* frame size = 0 */
 437               	/* stack size = 0 */
 438               	.L__stack_usage = 0
 203:./tmk_core/common/keyboard.c ****     led_set(leds);
 439               		.loc 1 203 5 view .LVU84
 203:./tmk_core/common/keyboard.c ****     led_set(leds);
 440               		.loc 1 203 54 view .LVU85
 203:./tmk_core/common/keyboard.c ****     led_set(leds);
 441               		.loc 1 203 72 view .LVU86
 203:./tmk_core/common/keyboard.c ****     led_set(leds);
 442               		.loc 1 203 85 view .LVU87
 443               		.loc 1 204 5 view .LVU88
 444 0000 0C94 0000 		jmp led_set
 445               	.LVL31:
 446               		.loc 1 204 5 is_stmt 0 view .LVU89
 447               		.cfi_endproc
 448               	.LFE107:
 450               		.section	.bss.led_status.5008,"aw",@nobits
 453               	led_status.5008:
 454 0000 00        		.zero	1
 455               		.section	.bss.matrix_prev.5007,"aw",@nobits
 458               	matrix_prev.5007:
 459 0000 0000 0000 		.zero	14
 459      0000 0000 
 459      0000 0000 
 459      0000 
 460               		.text
 461               	.Letext0:
 462               		.file 2 "/usr/local/Cellar/avr-gcc@8/8.4.0/avr/include/stdint.h"
 463               		.file 3 "./tmk_core/common/keyboard.h"
 464               		.file 4 "./tmk_core/common/matrix.h"
 465               		.file 5 "./tmk_core/protocol/lufa/LUFA-git/LUFA/Drivers/USB/Core/AVR8/../StdRequestType.h"
 466               		.file 6 "./tmk_core/common/action.h"
 467               		.file 7 "./tmk_core/protocol/lufa/LUFA-git/LUFA/Drivers/USB/Core/AVR8/../DeviceStandardReq.h"
 468               		.file 8 "./tmk_core/protocol/lufa/LUFA-git/LUFA/Drivers/USB/Core/USBTask.h"
 469               		.file 9 "./tmk_core/protocol/lufa/LUFA-git/LUFA/Drivers/USB/Core/HostStandardReq.h"
 470               		.file 10 "/usr/local/Cellar/avr-gcc@8/8.4.0/avr/include/stdio.h"
 471               		.file 11 "./tmk_core/common/host.h"
 472               		.file 12 "./tmk_core/common/debug.h"
 473               		.file 13 "./quantum/keycode_config.h"
 474               		.file 14 "./quantum/keymap.h"
 475               		.file 15 "./tmk_core/common/timer.h"
 476               		.file 16 "./tmk_core/common/command.h"
 477               		.file 17 "./tmk_core/common/action_layer.h"
 478               		.file 18 "./tmk_core/common/mousekey.h"
 479               		.file 19 "./tmk_core/common/led.h"
 480               		.file 20 "./tmk_core/common/bootmagic.h"
DEFINED SYMBOLS
                            *ABS*:0000000000000000 keyboard.c
/var/folders/mf/5466dhw562q7lyk542tgnwkc0000gn/T//ccoomfLm.s:2      *ABS*:000000000000003e __SP_H__
/var/folders/mf/5466dhw562q7lyk542tgnwkc0000gn/T//ccoomfLm.s:3      *ABS*:000000000000003d __SP_L__
/var/folders/mf/5466dhw562q7lyk542tgnwkc0000gn/T//ccoomfLm.s:4      *ABS*:000000000000003f __SREG__
/var/folders/mf/5466dhw562q7lyk542tgnwkc0000gn/T//ccoomfLm.s:5      *ABS*:0000000000000000 __tmp_reg__
/var/folders/mf/5466dhw562q7lyk542tgnwkc0000gn/T//ccoomfLm.s:6      *ABS*:0000000000000001 __zero_reg__
/var/folders/mf/5466dhw562q7lyk542tgnwkc0000gn/T//ccoomfLm.s:13     .text.matrix_setup:0000000000000000 matrix_setup
/var/folders/mf/5466dhw562q7lyk542tgnwkc0000gn/T//ccoomfLm.s:31     .text.keyboard_setup:0000000000000000 keyboard_setup
/var/folders/mf/5466dhw562q7lyk542tgnwkc0000gn/T//ccoomfLm.s:48     .text.keyboard_init:0000000000000000 keyboard_init
/var/folders/mf/5466dhw562q7lyk542tgnwkc0000gn/T//ccoomfLm.s:71     .text.keyboard_task:0000000000000000 keyboard_task
/var/folders/mf/5466dhw562q7lyk542tgnwkc0000gn/T//ccoomfLm.s:458    .bss.matrix_prev.5007:0000000000000000 matrix_prev.5007
/var/folders/mf/5466dhw562q7lyk542tgnwkc0000gn/T//ccoomfLm.s:453    .bss.led_status.5008:0000000000000000 led_status.5008
/var/folders/mf/5466dhw562q7lyk542tgnwkc0000gn/T//ccoomfLm.s:430    .text.keyboard_set_leds:0000000000000000 keyboard_set_leds

UNDEFINED SYMBOLS
timer_init
matrix_init
bootmagic
matrix_scan
matrix_get_row
debug_config
matrix_print
timer_read
action_exec
mousekey_task
host_keyboard_leds
led_set
__do_clear_bss
